#
# There is insufficient memory for the Java Runtime Environment to continue.
# Native memory allocation (malloc) failed to allocate 32744 bytes for ChunkPool::allocate
# Possible reasons:
#   The system is out of physical RAM or swap space
#   The process is running with CompressedOops enabled, and the Java Heap may be blocking the growth of the native heap
# Possible solutions:
#   Reduce memory load on the system
#   Increase physical memory or swap space
#   Check if swap backing store is full
#   Decrease Java heap size (-Xmx/-Xms)
#   Decrease number of Java threads
#   Decrease Java thread stack sizes (-Xss)
#   Set larger code cache with -XX:ReservedCodeCacheSize=
#   JVM is running with Unscaled Compressed Oops mode in which the Java heap is
#     placed in the first 4GB address space. The Java Heap base address is the
#     maximum limit for the native heap growth. Please use -XX:HeapBaseMinAddress
#     to set the Java Heap base and to place the Java Heap above 4GB virtual address.
# This output file may be truncated or incomplete.
#
#  Out of Memory Error (./src/hotspot/share/memory/arena.cpp:81), pid=2816, tid=7044
#
# JRE version: OpenJDK Runtime Environment (11.0.8+10) (build 11.0.8+10-b944.6842174)
# Java VM: OpenJDK 64-Bit Server VM (11.0.8+10-b944.6842174, mixed mode, tiered, compressed oops, g1 gc, windows-amd64)
# No core dump will be written. Minidumps are not enabled by default on client versions of Windows
#

---------------  S U M M A R Y ------------

Command Line: -Dorg.gradle.appname=gradlew org.gradle.wrapper.GradleWrapperMain -q -Ptarget-platform=android-x86 -Ptarget=D:\project_final\lib\main.dart -Pdart-defines=Zmx1dHRlci5pbnNwZWN0b3Iuc3RydWN0dXJlZEVycm9ycz10cnVl,RkxVVFRFUl9XRUJfQVVUT19ERVRFQ1Q9dHJ1ZQ== -Pdart-obfuscation=false -Ptrack-widget-creation=true -Ptree-shake-icons=false -Pfilesystem-scheme=org-dartlang-root assembleDebug

Host: Intel(R) Core(TM) i3-8130U CPU @ 2.20GHz, 4 cores, 3G,  Windows 10 , 64 bit Build 19041 (10.0.19041.1202)
Time: Thu Oct 21 19:11:19 2021 SE Asia Standard Time elapsed time: 10 seconds (0d 0h 0m 10s)

---------------  T H R E A D  ---------------

Current thread (0x000002147a48f000):  JavaThread "C1 CompilerThread0" daemon [_thread_in_native, id=7044, stack(0x0000003d5d600000,0x0000003d5d700000)]


Current CompileTask:
C1:  10657  513       3       java.util.jar.JarFile::maybeInstantiateVerifier (112 bytes)

Stack: [0x0000003d5d600000,0x0000003d5d700000]
Native frames: (J=compiled Java code, j=interpreted, Vv=VM code, C=native code)
V  [jvm.dll+0x5de50a]
V  [jvm.dll+0x7122f5]
V  [jvm.dll+0x71384d]
V  [jvm.dll+0x713f03]
V  [jvm.dll+0x23e728]
V  [jvm.dll+0xb8beb]
V  [jvm.dll+0xb8e9c]
V  [jvm.dll+0x1545ea]
V  [jvm.dll+0x14fc2d]
V  [jvm.dll+0x14a77e]
V  [jvm.dll+0x136d20]
V  [jvm.dll+0x11f260]
V  [jvm.dll+0x11edf9]
V  [jvm.dll+0x11ef63]
V  [jvm.dll+0x11e277]
V  [jvm.dll+0x11fe47]
V  [jvm.dll+0x205047]
V  [jvm.dll+0x203891]
V  [jvm.dll+0x6dad3f]
V  [jvm.dll+0x6d3895]
V  [jvm.dll+0x5dd4a6]
C  [ucrtbase.dll+0x21bb2]
C  [KERNEL32.DLL+0x17034]
C  [ntdll.dll+0x52651]


---------------  P R O C E S S  ---------------

Threads class SMR info:
_java_thread_list=0x000002147a70d620, length=10, elements={
0x00000214621ab800, 0x000002147a425800, 0x000002147a429000, 0x000002147a487000,
0x000002147a489000, 0x000002147a48b800, 0x000002147a48f000, 0x000002147a494000,
0x000002147a711000, 0x000002147a71a000
}

Java Threads: ( => current thread )
  0x00000214621ab800 JavaThread "main" [_thread_in_native, id=15344, stack(0x0000003d5ca00000,0x0000003d5cb00000)]
  0x000002147a425800 JavaThread "Reference Handler" daemon [_thread_blocked, id=10944, stack(0x0000003d5d100000,0x0000003d5d200000)]
  0x000002147a429000 JavaThread "Finalizer" daemon [_thread_blocked, id=14408, stack(0x0000003d5d200000,0x0000003d5d300000)]
  0x000002147a487000 JavaThread "Signal Dispatcher" daemon [_thread_blocked, id=1988, stack(0x0000003d5d300000,0x0000003d5d400000)]
  0x000002147a489000 JavaThread "Attach Listener" daemon [_thread_blocked, id=6728, stack(0x0000003d5d400000,0x0000003d5d500000)]
  0x000002147a48b800 JavaThread "C2 CompilerThread0" daemon [_thread_blocked, id=3012, stack(0x0000003d5d500000,0x0000003d5d600000)]
=>0x000002147a48f000 JavaThread "C1 CompilerThread0" daemon [_thread_in_native, id=7044, stack(0x0000003d5d600000,0x0000003d5d700000)]
  0x000002147a494000 JavaThread "Sweeper thread" daemon [_thread_blocked, id=12268, stack(0x0000003d5d700000,0x0000003d5d800000)]
  0x000002147a711000 JavaThread "Service Thread" daemon [_thread_blocked, id=5268, stack(0x0000003d5d800000,0x0000003d5d900000)]
  0x000002147a71a000 JavaThread "Common-Cleaner" daemon [_thread_blocked, id=12484, stack(0x0000003d5da00000,0x0000003d5db00000)]

Other Threads:
  0x000002147a3ff000 VMThread "VM Thread" [stack: 0x0000003d5d000000,0x0000003d5d100000] [id=13992]
  0x000002147a712000 WatcherThread [stack: 0x0000003d5d900000,0x0000003d5da00000] [id=11164]
  0x00000214621c3800 GCTaskThread "GC Thread#0" [stack: 0x0000003d5cb00000,0x0000003d5cc00000] [id=4164]
  0x00000214621de000 ConcurrentGCThread "G1 Main Marker" [stack: 0x0000003d5cc00000,0x0000003d5cd00000] [id=6548]
  0x00000214621e0800 ConcurrentGCThread "G1 Conc#0" [stack: 0x0000003d5cd00000,0x0000003d5ce00000] [id=9632]
  0x0000021462237800 ConcurrentGCThread "G1 Refine#0" [stack: 0x0000003d5ce00000,0x0000003d5cf00000] [id=14884]
  0x0000021462238800 ConcurrentGCThread "G1 Young RemSet Sampling" [stack: 0x0000003d5cf00000,0x0000003d5d000000] [id=15212]

Threads with active compile tasks:
C1 CompilerThread0  12554  513       3       java.util.jar.JarFile::maybeInstantiateVerifier (112 bytes)

VM state:not at safepoint (normal execution)

VM Mutex/Monitor currently owned by a thread: None

OutOfMemory and StackOverflow Exception counts:
OutOfMemoryError java_heap_errors=5
LinkageErrors=3

Heap address: 0x00000000c1e00000, size: 994 MB, Compressed Oops mode: 32-bit
Narrow klass base: 0x0000000000000000, Narrow klass shift: 3
Compressed class space size: 1073741824 Address: 0x0000000100000000

Heap:
 garbage-first heap   total 65536K, used 14336K [0x00000000c1e00000, 0x0000000100000000)
  region size 1024K, 13 young (13312K), 0 survivors (0K)
 Metaspace       used 8445K, capacity 8708K, committed 8832K, reserved 1056768K
  class space    used 790K, capacity 855K, committed 896K, reserved 1048576K
Heap Regions: E=young(eden), S=young(survivor), O=old, HS=humongous(starts), HC=humongous(continues), CS=collection set, F=free, A=archive, TAMS=top-at-mark-start (previous, next)
|   0|0x00000000c1e00000, 0x00000000c1f00000, 0x00000000c1f00000|100%|HS|  |TAMS 0x00000000c1e00000, 0x00000000c1e00000| Complete 
|   1|0x00000000c1f00000, 0x00000000c2000000, 0x00000000c2000000|100%|HC|  |TAMS 0x00000000c1f00000, 0x00000000c1f00000| Complete 
|   2|0x00000000c2000000, 0x00000000c2100000, 0x00000000c2100000|100%|HC|  |TAMS 0x00000000c2000000, 0x00000000c2000000| Complete 
|   3|0x00000000c2100000, 0x00000000c2100000, 0x00000000c2200000|  0%| F|  |TAMS 0x00000000c2100000, 0x00000000c2100000| Untracked 
|   4|0x00000000c2200000, 0x00000000c2200000, 0x00000000c2300000|  0%| F|  |TAMS 0x00000000c2200000, 0x00000000c2200000| Untracked 
|   5|0x00000000c2300000, 0x00000000c2300000, 0x00000000c2400000|  0%| F|  |TAMS 0x00000000c2300000, 0x00000000c2300000| Untracked 
|   6|0x00000000c2400000, 0x00000000c2400000, 0x00000000c2500000|  0%| F|  |TAMS 0x00000000c2400000, 0x00000000c2400000| Untracked 
|   7|0x00000000c2500000, 0x00000000c2500000, 0x00000000c2600000|  0%| F|  |TAMS 0x00000000c2500000, 0x00000000c2500000| Untracked 
|   8|0x00000000c2600000, 0x00000000c2600000, 0x00000000c2700000|  0%| F|  |TAMS 0x00000000c2600000, 0x00000000c2600000| Untracked 
|   9|0x00000000c2700000, 0x00000000c2700000, 0x00000000c2800000|  0%| F|  |TAMS 0x00000000c2700000, 0x00000000c2700000| Untracked 
|  10|0x00000000c2800000, 0x00000000c2800000, 0x00000000c2900000|  0%| F|  |TAMS 0x00000000c2800000, 0x00000000c2800000| Untracked 
|  11|0x00000000c2900000, 0x00000000c2900000, 0x00000000c2a00000|  0%| F|  |TAMS 0x00000000c2900000, 0x00000000c2900000| Untracked 
|  12|0x00000000c2a00000, 0x00000000c2a00000, 0x00000000c2b00000|  0%| F|  |TAMS 0x00000000c2a00000, 0x00000000c2a00000| Untracked 
|  13|0x00000000c2b00000, 0x00000000c2b00000, 0x00000000c2c00000|  0%| F|  |TAMS 0x00000000c2b00000, 0x00000000c2b00000| Untracked 
|  14|0x00000000c2c00000, 0x00000000c2c00000, 0x00000000c2d00000|  0%| F|  |TAMS 0x00000000c2c00000, 0x00000000c2c00000| Untracked 
|  15|0x00000000c2d00000, 0x00000000c2d00000, 0x00000000c2e00000|  0%| F|  |TAMS 0x00000000c2d00000, 0x00000000c2d00000| Untracked 
|  16|0x00000000c2e00000, 0x00000000c2e00000, 0x00000000c2f00000|  0%| F|  |TAMS 0x00000000c2e00000, 0x00000000c2e00000| Untracked 
|  17|0x00000000c2f00000, 0x00000000c2f00000, 0x00000000c3000000|  0%| F|  |TAMS 0x00000000c2f00000, 0x00000000c2f00000| Untracked 
|  18|0x00000000c3000000, 0x00000000c3000000, 0x00000000c3100000|  0%| F|  |TAMS 0x00000000c3000000, 0x00000000c3000000| Untracked 
|  19|0x00000000c3100000, 0x00000000c3100000, 0x00000000c3200000|  0%| F|  |TAMS 0x00000000c3100000, 0x00000000c3100000| Untracked 
|  20|0x00000000c3200000, 0x00000000c3200000, 0x00000000c3300000|  0%| F|  |TAMS 0x00000000c3200000, 0x00000000c3200000| Untracked 
|  21|0x00000000c3300000, 0x00000000c3300000, 0x00000000c3400000|  0%| F|  |TAMS 0x00000000c3300000, 0x00000000c3300000| Untracked 
|  22|0x00000000c3400000, 0x00000000c3400000, 0x00000000c3500000|  0%| F|  |TAMS 0x00000000c3400000, 0x00000000c3400000| Untracked 
|  23|0x00000000c3500000, 0x00000000c3500000, 0x00000000c3600000|  0%| F|  |TAMS 0x00000000c3500000, 0x00000000c3500000| Untracked 
|  24|0x00000000c3600000, 0x00000000c3600000, 0x00000000c3700000|  0%| F|  |TAMS 0x00000000c3600000, 0x00000000c3600000| Untracked 
|  25|0x00000000c3700000, 0x00000000c3700000, 0x00000000c3800000|  0%| F|  |TAMS 0x00000000c3700000, 0x00000000c3700000| Untracked 
|  26|0x00000000c3800000, 0x00000000c3800000, 0x00000000c3900000|  0%| F|  |TAMS 0x00000000c3800000, 0x00000000c3800000| Untracked 
|  27|0x00000000c3900000, 0x00000000c3900000, 0x00000000c3a00000|  0%| F|  |TAMS 0x00000000c3900000, 0x00000000c3900000| Untracked 
|  28|0x00000000c3a00000, 0x00000000c3a00000, 0x00000000c3b00000|  0%| F|  |TAMS 0x00000000c3a00000, 0x00000000c3a00000| Untracked 
|  29|0x00000000c3b00000, 0x00000000c3b00000, 0x00000000c3c00000|  0%| F|  |TAMS 0x00000000c3b00000, 0x00000000c3b00000| Untracked 
|  30|0x00000000c3c00000, 0x00000000c3c00000, 0x00000000c3d00000|  0%| F|  |TAMS 0x00000000c3c00000, 0x00000000c3c00000| Untracked 
|  31|0x00000000c3d00000, 0x00000000c3d00000, 0x00000000c3e00000|  0%| F|  |TAMS 0x00000000c3d00000, 0x00000000c3d00000| Untracked 
|  32|0x00000000c3e00000, 0x00000000c3e00000, 0x00000000c3f00000|  0%| F|  |TAMS 0x00000000c3e00000, 0x00000000c3e00000| Untracked 
|  33|0x00000000c3f00000, 0x00000000c3f00000, 0x00000000c4000000|  0%| F|  |TAMS 0x00000000c3f00000, 0x00000000c3f00000| Untracked 
|  34|0x00000000c4000000, 0x00000000c4000000, 0x00000000c4100000|  0%| F|  |TAMS 0x00000000c4000000, 0x00000000c4000000| Untracked 
|  35|0x00000000c4100000, 0x00000000c4100000, 0x00000000c4200000|  0%| F|  |TAMS 0x00000000c4100000, 0x00000000c4100000| Untracked 
|  36|0x00000000c4200000, 0x00000000c4200000, 0x00000000c4300000|  0%| F|  |TAMS 0x00000000c4200000, 0x00000000c4200000| Untracked 
|  37|0x00000000c4300000, 0x00000000c4300000, 0x00000000c4400000|  0%| F|  |TAMS 0x00000000c4300000, 0x00000000c4300000| Untracked 
|  38|0x00000000c4400000, 0x00000000c4400000, 0x00000000c4500000|  0%| F|  |TAMS 0x00000000c4400000, 0x00000000c4400000| Untracked 
|  39|0x00000000c4500000, 0x00000000c4500000, 0x00000000c4600000|  0%| F|  |TAMS 0x00000000c4500000, 0x00000000c4500000| Untracked 
|  40|0x00000000c4600000, 0x00000000c4600000, 0x00000000c4700000|  0%| F|  |TAMS 0x00000000c4600000, 0x00000000c4600000| Untracked 
|  41|0x00000000c4700000, 0x00000000c4700000, 0x00000000c4800000|  0%| F|  |TAMS 0x00000000c4700000, 0x00000000c4700000| Untracked 
|  42|0x00000000c4800000, 0x00000000c4800000, 0x00000000c4900000|  0%| F|  |TAMS 0x00000000c4800000, 0x00000000c4800000| Untracked 
|  43|0x00000000c4900000, 0x00000000c4900000, 0x00000000c4a00000|  0%| F|  |TAMS 0x00000000c4900000, 0x00000000c4900000| Untracked 
|  44|0x00000000c4a00000, 0x00000000c4a00000, 0x00000000c4b00000|  0%| F|  |TAMS 0x00000000c4a00000, 0x00000000c4a00000| Untracked 
|  45|0x00000000c4b00000, 0x00000000c4b00000, 0x00000000c4c00000|  0%| F|  |TAMS 0x00000000c4b00000, 0x00000000c4b00000| Untracked 
|  46|0x00000000c4c00000, 0x00000000c4c00000, 0x00000000c4d00000|  0%| F|  |TAMS 0x00000000c4c00000, 0x00000000c4c00000| Untracked 
|  47|0x00000000c4d00000, 0x00000000c4d00000, 0x00000000c4e00000|  0%| F|  |TAMS 0x00000000c4d00000, 0x00000000c4d00000| Untracked 
|  48|0x00000000c4e00000, 0x00000000c4e00000, 0x00000000c4f00000|  0%| F|  |TAMS 0x00000000c4e00000, 0x00000000c4e00000| Untracked 
|  49|0x00000000c4f00000, 0x00000000c4f00000, 0x00000000c5000000|  0%| F|  |TAMS 0x00000000c4f00000, 0x00000000c4f00000| Untracked 
|  50|0x00000000c5000000, 0x00000000c5000000, 0x00000000c5100000|  0%| F|  |TAMS 0x00000000c5000000, 0x00000000c5000000| Untracked 
|  51|0x00000000c5100000, 0x00000000c5198950, 0x00000000c5200000| 59%| E|  |TAMS 0x00000000c5100000, 0x00000000c5100000| Complete 
|  52|0x00000000c5200000, 0x00000000c5300000, 0x00000000c5300000|100%| E|CS|TAMS 0x00000000c5200000, 0x00000000c5200000| Complete 
|  53|0x00000000c5300000, 0x00000000c5400000, 0x00000000c5400000|100%| E|CS|TAMS 0x00000000c5300000, 0x00000000c5300000| Complete 
|  54|0x00000000c5400000, 0x00000000c5500000, 0x00000000c5500000|100%| E|  |TAMS 0x00000000c5400000, 0x00000000c5400000| Complete 
|  55|0x00000000c5500000, 0x00000000c5600000, 0x00000000c5600000|100%| E|CS|TAMS 0x00000000c5500000, 0x00000000c5500000| Complete 
|  56|0x00000000c5600000, 0x00000000c5700000, 0x00000000c5700000|100%| E|CS|TAMS 0x00000000c5600000, 0x00000000c5600000| Complete 
|  57|0x00000000c5700000, 0x00000000c5800000, 0x00000000c5800000|100%| E|CS|TAMS 0x00000000c5700000, 0x00000000c5700000| Complete 
|  58|0x00000000c5800000, 0x00000000c5900000, 0x00000000c5900000|100%| E|CS|TAMS 0x00000000c5800000, 0x00000000c5800000| Complete 
|  59|0x00000000c5900000, 0x00000000c5a00000, 0x00000000c5a00000|100%| E|CS|TAMS 0x00000000c5900000, 0x00000000c5900000| Complete 
|  60|0x00000000c5a00000, 0x00000000c5b00000, 0x00000000c5b00000|100%| E|CS|TAMS 0x00000000c5a00000, 0x00000000c5a00000| Complete 
|  61|0x00000000c5b00000, 0x00000000c5c00000, 0x00000000c5c00000|100%| E|CS|TAMS 0x00000000c5b00000, 0x00000000c5b00000| Complete 
|  62|0x00000000c5c00000, 0x00000000c5d00000, 0x00000000c5d00000|100%| E|CS|TAMS 0x00000000c5c00000, 0x00000000c5c00000| Complete 
|  63|0x00000000c5d00000, 0x00000000c5e00000, 0x00000000c5e00000|100%| E|CS|TAMS 0x00000000c5d00000, 0x00000000c5d00000| Complete 

Card table byte_map: [0x0000021475360000,0x0000021475560000] _byte_map_base: 0x0000021474d51000

Marking Bits (Prev, Next): (CMBitMap*) 0x00000214621d8a48, (CMBitMap*) 0x00000214621d8a80
 Prev Bits: [0x0000021475760000, 0x00000214766e8000)
 Next Bits: [0x00000214766f0000, 0x0000021477678000)

Polling page: 0x0000021460880000

Metaspace:

Usage:
  Non-class:      7.67 MB capacity,     7.48 MB ( 97%) used,   191.42 KB (  2%) free+waste,     7.06 KB ( <1%) overhead. 
      Class:    855.00 KB capacity,   790.91 KB ( 93%) used,    60.84 KB (  7%) free+waste,     3.25 KB ( <1%) overhead. 
       Both:      8.50 MB capacity,     8.25 MB ( 97%) used,   252.26 KB (  3%) free+waste,    10.31 KB ( <1%) overhead. 

Virtual space:
  Non-class space:        8.00 MB reserved,       7.75 MB ( 97%) committed 
      Class space:        1.00 GB reserved,     896.00 KB ( <1%) committed 
             Both:        1.01 GB reserved,       8.63 MB ( <1%) committed 

Chunk freelists:
   Non-Class:  19.00 KB
       Class:  9.00 KB
        Both:  28.00 KB

MaxMetaspaceSize: 17179869184.00 GB
CompressedClassSpaceSize: 1.00 GB

CodeHeap 'non-profiled nmethods': size=120064Kb used=165Kb max_used=165Kb free=119898Kb
 bounds [0x000002146d5f0000, 0x000002146d860000, 0x0000021474b30000]
CodeHeap 'profiled nmethods': size=120000Kb used=753Kb max_used=753Kb free=119247Kb
 bounds [0x00000214660c0000, 0x0000021466330000, 0x000002146d5f0000]
CodeHeap 'non-nmethods': size=5696Kb used=1064Kb max_used=1079Kb free=4631Kb
 bounds [0x0000021465b30000, 0x0000021465da0000, 0x00000214660c0000]
 total_blobs=886 nmethods=523 adapters=275
 compilation: enabled
              stopped_count=0, restarted_count=0
 full_count=0

Compilation events (20 events):
Event: 10.388 Thread 0x000002147a48b800 nmethod 497 0x000002146d613a10 code [0x000002146d613ba0, 0x000002146d613d98]
Event: 10.388 Thread 0x000002147a48f000 nmethod 501 0x0000021466176110 code [0x0000021466176480, 0x0000021466177c08]
Event: 10.388 Thread 0x000002147a48f000  502       3       sun.net.util.IPAddressUtil::checkHostString (53 bytes)
Event: 10.389 Thread 0x000002147a48b800  506 %     4       java.lang.StringLatin1::replace @ 77 (196 bytes)
Event: 10.389 Thread 0x000002147a48f000 nmethod 502 0x0000021466178610 code [0x00000214661788e0, 0x00000214661795e8]
Event: 10.389 Thread 0x000002147a48f000  503       3       sun.net.util.IPAddressUtil::scan (92 bytes)
Event: 10.391 Thread 0x000002147a48f000 nmethod 503 0x0000021466179a90 code [0x0000021466179d00, 0x000002146617a7f8]
Event: 10.391 Thread 0x000002147a48f000  504       1       java.lang.NamedPackage::module (5 bytes)
Event: 10.391 Thread 0x000002147a48f000 nmethod 504 0x000002146d614390 code [0x000002146d614540, 0x000002146d6145f8]
Event: 10.392 Thread 0x000002147a48f000  507       3       java.io.WinNTFileSystem::isLetter (30 bytes)
Event: 10.392 Thread 0x000002147a48f000 nmethod 507 0x000002146617ad90 code [0x000002146617af40, 0x000002146617b158]
Event: 10.393 Thread 0x000002147a48f000  509       3       java.io.InputStream::<init> (5 bytes)
Event: 10.393 Thread 0x000002147a48f000 nmethod 509 0x000002146617b210 code [0x000002146617b3c0, 0x000002146617b518]
Event: 10.395 Thread 0x000002147a48f000  510       3       java.lang.Integer::valueOf (32 bytes)
Event: 10.395 Thread 0x000002147a48f000 nmethod 510 0x000002146617b610 code [0x000002146617b7e0, 0x000002146617baf8]
Event: 10.396 Thread 0x000002147a48f000  511   !   3       jdk.internal.loader.URLClassPath$JarLoader::ensureOpen (36 bytes)
Event: 10.396 Thread 0x000002147a48f000 nmethod 511 0x000002146617bc90 code [0x000002146617be80, 0x000002146617c298]
Event: 10.397 Thread 0x000002147a48f000  513       3       java.util.jar.JarFile::maybeInstantiateVerifier (112 bytes)
Event: 10.401 Thread 0x000002147a48b800 nmethod 506% 0x000002146d614690 code [0x000002146d614840, 0x000002146d614c58]
Event: 10.401 Thread 0x000002147a48b800  508       4       java.lang.StringBuilder::append (8 bytes)

GC Heap History (0 events):
No events

Deoptimization events (20 events):
Event: 10.161 Thread 0x00000214621ab800 DEOPT PACKING pc=0x000002146616008b sp=0x0000003d5cafda40
Event: 10.161 Thread 0x00000214621ab800 DEOPT UNPACKING pc=0x0000021465b572ce sp=0x0000003d5cafcf10 mode 0
Event: 10.161 Thread 0x00000214621ab800 DEOPT PACKING pc=0x000002146616008b sp=0x0000003d5cafda40
Event: 10.161 Thread 0x00000214621ab800 DEOPT UNPACKING pc=0x0000021465b572ce sp=0x0000003d5cafcf10 mode 0
Event: 10.161 Thread 0x00000214621ab800 DEOPT PACKING pc=0x000002146616008b sp=0x0000003d5cafda40
Event: 10.161 Thread 0x00000214621ab800 DEOPT UNPACKING pc=0x0000021465b572ce sp=0x0000003d5cafcf10 mode 0
Event: 10.162 Thread 0x00000214621ab800 DEOPT PACKING pc=0x000002146616008b sp=0x0000003d5cafda40
Event: 10.162 Thread 0x00000214621ab800 DEOPT UNPACKING pc=0x0000021465b572ce sp=0x0000003d5cafcf10 mode 0
Event: 10.162 Thread 0x00000214621ab800 DEOPT PACKING pc=0x000002146616008b sp=0x0000003d5cafda40
Event: 10.162 Thread 0x00000214621ab800 DEOPT UNPACKING pc=0x0000021465b572ce sp=0x0000003d5cafcf10 mode 0
Event: 10.162 Thread 0x00000214621ab800 DEOPT PACKING pc=0x000002146616008b sp=0x0000003d5cafda40
Event: 10.162 Thread 0x00000214621ab800 DEOPT UNPACKING pc=0x0000021465b572ce sp=0x0000003d5cafcf10 mode 0
Event: 10.162 Thread 0x00000214621ab800 DEOPT PACKING pc=0x000002146616008b sp=0x0000003d5cafda40
Event: 10.162 Thread 0x00000214621ab800 DEOPT UNPACKING pc=0x0000021465b572ce sp=0x0000003d5cafcf10 mode 0
Event: 10.162 Thread 0x00000214621ab800 DEOPT PACKING pc=0x000002146616008b sp=0x0000003d5cafda40
Event: 10.162 Thread 0x00000214621ab800 DEOPT UNPACKING pc=0x0000021465b572ce sp=0x0000003d5cafcf10 mode 0
Event: 10.163 Thread 0x00000214621ab800 DEOPT PACKING pc=0x000002146616008b sp=0x0000003d5cafda40
Event: 10.163 Thread 0x00000214621ab800 DEOPT UNPACKING pc=0x0000021465b572ce sp=0x0000003d5cafcf10 mode 0
Event: 10.163 Thread 0x00000214621ab800 DEOPT PACKING pc=0x000002146616008b sp=0x0000003d5cafda40
Event: 10.163 Thread 0x00000214621ab800 DEOPT UNPACKING pc=0x0000021465b572ce sp=0x0000003d5cafcf10 mode 0

Classes redefined (0 events):
No events

Internal exceptions (3 events):
Event: 0.698 Thread 0x00000214621ab800 Exception <a 'java/lang/NoSuchMethodError'{0x00000000c5c82e68}: 'int java.lang.invoke.DirectMethodHandle$Holder.invokeSpecialIFC(java.lang.Object, java.lang.Object, int)'> (0x00000000c5c82e68) thrown at [./src/hotspot/share/interpreter/linkResolver.cpp, line 773]
Event: 2.365 Thread 0x00000214621ab800 Exception <a 'java/lang/NoSuchMethodError'{0x00000000c5a54230}: 'int java.lang.invoke.DirectMethodHandle$Holder.invokeStaticInit(java.lang.Object, java.lang.Object)'> (0x00000000c5a54230) thrown at [./src/hotspot/share/interpreter/linkResolver.cpp, line 773]
Event: 4.447 Thread 0x00000214621ab800 Exception <a 'java/lang/NoSuchMethodError'{0x00000000c5913460}: 'int java.lang.invoke.DirectMethodHandle$Holder.invokeSpecial(java.lang.Object, java.lang.Object, java.lang.Object, java.lang.Object)'> (0x00000000c5913460) thrown at [./src/hotspot/share/interpreter/linkResolver.cpp, line 773]

Events (20 events):
Event: 10.358 loading class sun/nio/cs/UTF_8$Decoder
Event: 10.361 loading class sun/nio/cs/UTF_8$Decoder done
Event: 10.362 loading class java/nio/CharBuffer
Event: 10.365 loading class java/nio/CharBuffer done
Event: 10.366 loading class java/nio/HeapCharBuffer
Event: 10.369 loading class java/nio/HeapCharBuffer done
Event: 10.369 loading class java/nio/charset/CoderResult
Event: 10.371 loading class java/nio/charset/CoderResult done
Event: 10.380 loading class sun/security/util/ManifestEntryVerifier
Event: 10.384 loading class sun/security/util/ManifestEntryVerifier done
Event: 10.385 loading class org/gradle/launcher/bootstrap/EntryPoint
Event: 10.385 loading class org/gradle/launcher/bootstrap/EntryPoint done
Event: 10.387 loading class org/gradle/launcher/bootstrap/ExecutionListener
Event: 10.387 loading class org/gradle/launcher/bootstrap/ExecutionListener done
Event: 10.387 loading class org/gradle/launcher/bootstrap/ExecutionCompleter
Event: 10.387 loading class org/gradle/launcher/bootstrap/ExecutionCompleter done
Event: 10.388 loading class org/gradle/initialization/BuildClientMetaData
Event: 10.388 loading class org/gradle/initialization/BuildClientMetaData done
Event: 10.396 loading class org/gradle/api/logging/configuration/LoggingConfiguration
Event: 10.396 loading class org/gradle/api/logging/configuration/LoggingConfiguration done


Dynamic libraries:
0x00007ff7fd160000 - 0x00007ff7fd16a000 	C:\Program Files\Android\Android Studio\jre\bin\java.exe
0x00007ffbdaf10000 - 0x00007ffbdb105000 	C:\Windows\SYSTEM32\ntdll.dll
0x00007ffbd9280000 - 0x00007ffbd933e000 	C:\Windows\System32\KERNEL32.DLL
0x00007ffbd8a80000 - 0x00007ffbd8d49000 	C:\Windows\System32\KERNELBASE.dll
0x00007ffbd8d50000 - 0x00007ffbd8e50000 	C:\Windows\System32\ucrtbase.dll
0x00007ffbd2110000 - 0x00007ffbd2129000 	C:\Program Files\Android\Android Studio\jre\bin\jli.dll
0x00007ffbd2130000 - 0x00007ffbd2147000 	C:\Program Files\Android\Android Studio\jre\bin\VCRUNTIME140.dll
0x00007ffbd9d40000 - 0x00007ffbd9ee1000 	C:\Windows\System32\USER32.dll
0x00007ffbcb860000 - 0x00007ffbcbafa000 	C:\Windows\WinSxS\amd64_microsoft.windows.common-controls_6595b64144ccf1df_6.0.19041.1110_none_60b5254171f9507e\COMCTL32.dll
0x00007ffbd8630000 - 0x00007ffbd8652000 	C:\Windows\System32\win32u.dll
0x00007ffbda5b0000 - 0x00007ffbda5db000 	C:\Windows\System32\GDI32.dll
0x00007ffbd94f0000 - 0x00007ffbd958e000 	C:\Windows\System32\msvcrt.dll
0x00007ffbd8e50000 - 0x00007ffbd8f5b000 	C:\Windows\System32\gdi32full.dll
0x00007ffbd8770000 - 0x00007ffbd880d000 	C:\Windows\System32\msvcp_win.dll
0x00007ffbdaea0000 - 0x00007ffbdaed0000 	C:\Windows\System32\IMM32.DLL
0x00007ffbbd000000 - 0x00007ffbbd09d000 	C:\Program Files\Android\Android Studio\jre\bin\msvcp140.dll
0x00007ffb6fee0000 - 0x00007ffb7099c000 	C:\Program Files\Android\Android Studio\jre\bin\server\jvm.dll
0x00007ffbdad70000 - 0x00007ffbdae1c000 	C:\Windows\System32\ADVAPI32.dll
0x00007ffbd9180000 - 0x00007ffbd921b000 	C:\Windows\System32\sechost.dll
0x00007ffbda480000 - 0x00007ffbda5aa000 	C:\Windows\System32\RPCRT4.dll
0x00007ffbd8f60000 - 0x00007ffbd8f68000 	C:\Windows\System32\PSAPI.DLL
0x00007ffbd2e50000 - 0x00007ffbd2e59000 	C:\Windows\SYSTEM32\WSOCK32.dll
0x00007ffbd9590000 - 0x00007ffbd95fb000 	C:\Windows\System32\WS2_32.dll
0x00007ffbb6c70000 - 0x00007ffbb6c97000 	C:\Windows\SYSTEM32\WINMM.dll
0x00007ffbd1330000 - 0x00007ffbd133a000 	C:\Windows\SYSTEM32\VERSION.dll
0x00007ffbd6450000 - 0x00007ffbd6462000 	C:\Windows\SYSTEM32\kernel.appcore.dll
0x00007ffbd1b10000 - 0x00007ffbd1b21000 	C:\Program Files\Android\Android Studio\jre\bin\verify.dll
0x00007ffbd0810000 - 0x00007ffbd09f4000 	C:\Windows\SYSTEM32\DBGHELP.DLL
0x00007ffbd0720000 - 0x00007ffbd074c000 	C:\Windows\SYSTEM32\dbgcore.DLL
0x00007ffbd89f0000 - 0x00007ffbd8a73000 	C:\Windows\System32\bcryptPrimitives.dll
0x00007ffbcb310000 - 0x00007ffbcb339000 	C:\Program Files\Android\Android Studio\jre\bin\java.dll
0x00007ffbd2860000 - 0x00007ffbd286b000 	C:\Program Files\Android\Android Studio\jre\bin\jimage.dll
0x00007ffbca5a0000 - 0x00007ffbca5b8000 	C:\Program Files\Android\Android Studio\jre\bin\zip.dll
0x00007ffbd9600000 - 0x00007ffbd9d3f000 	C:\Windows\System32\SHELL32.dll
0x00007ffbd6730000 - 0x00007ffbd6ec0000 	C:\Windows\SYSTEM32\windows.storage.dll
0x00007ffbda020000 - 0x00007ffbda375000 	C:\Windows\System32\combase.dll
0x00007ffbd8010000 - 0x00007ffbd803c000 	C:\Windows\SYSTEM32\Wldp.dll
0x00007ffbd90d0000 - 0x00007ffbd917d000 	C:\Windows\System32\SHCORE.dll
0x00007ffbd9220000 - 0x00007ffbd9275000 	C:\Windows\System32\shlwapi.dll
0x00007ffbd8570000 - 0x00007ffbd858f000 	C:\Windows\SYSTEM32\profapi.dll
0x00007ffbc5ed0000 - 0x00007ffbc5eea000 	C:\Program Files\Android\Android Studio\jre\bin\net.dll
0x00007ffbce260000 - 0x00007ffbce368000 	C:\Windows\SYSTEM32\WINHTTP.dll
0x00007ffbd7d10000 - 0x00007ffbd7d7a000 	C:\Windows\system32\mswsock.dll
0x00007ffbc5eb0000 - 0x00007ffbc5ec4000 	C:\Program Files\Android\Android Studio\jre\bin\nio.dll

dbghelp: loaded successfully - version: 4.0.5 - missing functions: none
symbol engine: initialized successfully - sym options: 0x614 - pdb path: .;C:\Program Files\Android\Android Studio\jre\bin;C:\Windows\SYSTEM32;C:\Windows\WinSxS\amd64_microsoft.windows.common-controls_6595b64144ccf1df_6.0.19041.1110_none_60b5254171f9507e;C:\Program Files\Android\Android Studio\jre\bin\server

VM Arguments:
jvm_args: -Dorg.gradle.appname=gradlew 
java_command: org.gradle.wrapper.GradleWrapperMain -q -Ptarget-platform=android-x86 -Ptarget=D:\project_final\lib\main.dart -Pdart-defines=Zmx1dHRlci5pbnNwZWN0b3Iuc3RydWN0dXJlZEVycm9ycz10cnVl,RkxVVFRFUl9XRUJfQVVUT19ERVRFQ1Q9dHJ1ZQ== -Pdart-obfuscation=false -Ptrack-widget-creation=true -Ptree-shake-icons=false -Pfilesystem-scheme=org-dartlang-root assembleDebug
java_class_path (initial): D:\project_final\android\\gradle\wrapper\gradle-wrapper.jar
Launcher Type: SUN_STANDARD

[Global flags]
     intx CICompilerCount                          = 3                                         {product} {ergonomic}
     uint ConcGCThreads                            = 1                                         {product} {ergonomic}
     uint G1ConcRefinementThreads                  = 4                                         {product} {ergonomic}
   size_t G1HeapRegionSize                         = 1048576                                   {product} {ergonomic}
    uintx GCDrainStackTargetSize                   = 64                                        {product} {ergonomic}
   size_t InitialHeapSize                          = 67108864                                  {product} {ergonomic}
   size_t MarkStackSize                            = 4194304                                   {product} {ergonomic}
   size_t MaxHeapSize                              = 1042284544                                {product} {ergonomic}
   size_t MaxNewSize                               = 624951296                                 {product} {ergonomic}
   size_t MinHeapDeltaBytes                        = 1048576                                   {product} {ergonomic}
    uintx NonNMethodCodeHeapSize                   = 5830732                                {pd product} {ergonomic}
    uintx NonProfiledCodeHeapSize                  = 122913754                              {pd product} {ergonomic}
    uintx ProfiledCodeHeapSize                     = 122913754                              {pd product} {ergonomic}
    uintx ReservedCodeCacheSize                    = 251658240                              {pd product} {ergonomic}
     bool SegmentedCodeCache                       = true                                      {product} {ergonomic}
     bool UseCompressedClassPointers               = true                                 {lp64_product} {ergonomic}
     bool UseCompressedOops                        = true                                 {lp64_product} {ergonomic}
     bool UseG1GC                                  = true                                      {product} {ergonomic}
     bool UseLargePagesIndividualAllocation        = false                                  {pd product} {ergonomic}

Logging:
Log output configuration:
 #0: stdout all=warning uptime,level,tags
 #1: stderr all=off uptime,level,tags

Environment Variables:
JAVA_HOME=C:\Program Files\Android\Android Studio\jre
CLASSPATH=D:\project_final\android\\gradle\wrapper\gradle-wrapper.jar
PATH=C:\ProgramData\Oracle\Java\javapath;C:\Windows\system32;C:\Windows;C:\Windows\System32\Wbem;C:\Windows\System32\WindowsPowerShell\v1.0\;C:\Windows\System32\OpenSSH\;C:\Program Files (x86)\NVIDIA Corporation\PhysX\Common;C:\Program Files\NVIDIA Corporation\NVIDIA NvDLISR;C:\Program Files\nodejs\;C:\Users\Administrator\AppData\Local\Microsoft\WindowsApps;C:\Users\Administrator\AppData\Local\Programs\Microsoft VS Code\bin;C:\Users\Administrator\AppData\Roaming\npm;D:\flutter\bin;;D:\flutter\bin\mingit\cmd
USERNAME=Administrator
OS=Windows_NT
PROCESSOR_IDENTIFIER=Intel64 Family 6 Model 142 Stepping 10, GenuineIntel



---------------  S Y S T E M  ---------------

OS: Windows 10 , 64 bit Build 19041 (10.0.19041.1202)
OS uptime: 0 days 22:19 hours

CPU:total 4 (initial active 4) (2 cores per cpu, 2 threads per core) family 6 model 142 stepping 10, cmov, cx8, fxsr, mmx, sse, sse2, sse3, ssse3, sse4.1, sse4.2, popcnt, avx, avx2, aes, clmul, erms, 3dnowpref, lzcnt, ht, tsc, tscinvbit, bmi1, bmi2, adx, fma

Memory: 4k page, system-wide physical 3971M (138M free)
TotalPageFile size 16259M (AvailPageFile size 18M)
current process WorkingSet (physical memory assigned to process): 36M, peak: 39M
current process commit charge ("private bytes"): 136M, peak: 136M

vm_info: OpenJDK 64-Bit Server VM (11.0.8+10-b944.6842174) for windows-amd64 JRE (11.0.8+10-b944.6842174), built on Sep 19 2020 01:11:42 by "builder" with MS VC++ 14.0 (VS2015)

END.
