#
# There is insufficient memory for the Java Runtime Environment to continue.
# Native memory allocation (mmap) failed to map 297795584 bytes for Failed to commit area from 0x00000000ae900000 to 0x00000000c0500000 of length 297795584.
# Possible reasons:
#   The system is out of physical RAM or swap space
#   The process is running with CompressedOops enabled, and the Java Heap may be blocking the growth of the native heap
# Possible solutions:
#   Reduce memory load on the system
#   Increase physical memory or swap space
#   Check if swap backing store is full
#   Decrease Java heap size (-Xmx/-Xms)
#   Decrease number of Java threads
#   Decrease Java thread stack sizes (-Xss)
#   Set larger code cache with -XX:ReservedCodeCacheSize=
#   JVM is running with Unscaled Compressed Oops mode in which the Java heap is
#     placed in the first 4GB address space. The Java Heap base address is the
#     maximum limit for the native heap growth. Please use -XX:HeapBaseMinAddress
#     to set the Java Heap base and to place the Java Heap above 4GB virtual address.
# This output file may be truncated or incomplete.
#
#  Out of Memory Error (./src/hotspot/os/windows/os_windows.cpp:3303), pid=15444, tid=7348
#
# JRE version: OpenJDK Runtime Environment (11.0.8+10) (build 11.0.8+10-b944.6842174)
# Java VM: OpenJDK 64-Bit Server VM (11.0.8+10-b944.6842174, mixed mode, tiered, compressed oops, g1 gc, windows-amd64)
# No core dump will be written. Minidumps are not enabled by default on client versions of Windows
#

---------------  S U M M A R Y ------------

Command Line: --add-opens=java.base/java.util=ALL-UNNAMED --add-opens=java.base/java.lang=ALL-UNNAMED --add-opens=java.base/java.lang.invoke=ALL-UNNAMED --add-opens=java.prefs/java.util.prefs=ALL-UNNAMED -Xmx1536M -Dfile.encoding=x-windows-874 -Duser.country=US -Duser.language=en -Duser.variant org.gradle.launcher.daemon.bootstrap.GradleDaemon 6.7

Host: Intel(R) Core(TM) i3-8130U CPU @ 2.20GHz, 4 cores, 3G,  Windows 10 , 64 bit Build 19041 (10.0.19041.1202)
Time: Sat Oct 23 04:53:12 2021 SE Asia Standard Time elapsed time: 345 seconds (0d 0h 5m 45s)

---------------  T H R E A D  ---------------

Current thread (0x000001d95c092800):  VMThread "VM Thread" [stack: 0x000000bab1700000,0x000000bab1800000] [id=7348]

Stack: [0x000000bab1700000,0x000000bab1800000]
[error occurred during error reporting (printing stack bounds), id 0xc0000005, EXCEPTION_ACCESS_VIOLATION (0xc0000005) at pc=0x000001d946b90dad]

Native frames: (J=compiled Java code, j=interpreted, Vv=VM code, C=native code)
V  [jvm.dll+0x5de50a]
V  [jvm.dll+0x7122f5]
V  [jvm.dll+0x71384d]
V  [jvm.dll+0x713e65]
V  [jvm.dll+0x713e1b]
V  [jvm.dll+0x5dd958]
V  [jvm.dll+0x5de0f8]
C  [ntdll.dll+0xa20cf]
C  [ntdll.dll+0x51454]
C  [ntdll.dll+0xa0bfe]
C  0x000001d946b90dad

VM_Operation (0x000000bab2ae8b50): G1CollectForAllocation, mode: safepoint, requested by thread 0x000001d95dcce000


---------------  P R O C E S S  ---------------

Threads class SMR info:
_java_thread_list=0x000001d9637f99d0, length=128, elements={
0x000001d941a0d000, 0x000001d95c095000, 0x000001d95c0c1000, 0x000001d95c11a000,
0x000001d95c11c000, 0x000001d95c11d800, 0x000001d95c120800, 0x000001d95c135800,
0x000001d95cbab000, 0x000001d95cbb6800, 0x000001d95e74f000, 0x000001d95e0af800,
0x000001d95d653800, 0x000001d95e332800, 0x000001d95e2fa800, 0x000001d95d608800,
0x000001d95dcce000, 0x000001d95d5e1800, 0x000001d95ccf1800, 0x000001d95d3cf000,
0x000001d95da85800, 0x000001d95da86800, 0x000001d95da81800, 0x000001d95da84800,
0x000001d95da82800, 0x000001d95da80800, 0x000001d95da87000, 0x000001d95da83000,
0x000001d95f92f000, 0x000001d95f930800, 0x000001d95f92d800, 0x000001d95f930000,
0x000001d95f92b000, 0x000001d95f931800, 0x000001d96021d000, 0x000001d960219000,
0x000001d96021b000, 0x000001d96021c800, 0x000001d96021e000, 0x000001d96021f000,
0x000001d96021f800, 0x000001d96021b800, 0x000001d96021a000, 0x000001d960221800,
0x000001d960222000, 0x000001d960223000, 0x000001d960220800, 0x000001d960224800,
0x000001d960226000, 0x000001d960223800, 0x000001d960227000, 0x000001d960225800,
0x000001d960228000, 0x000001d95f92b800, 0x000001d95f932000, 0x000001d95f92c800,
0x000001d95f937000, 0x000001d95f935800, 0x000001d95f936800, 0x000001d95f934000,
0x000001d95f938800, 0x000001d95f938000, 0x000001d95f933000, 0x000001d95f939800,
0x000001d95f934800, 0x000001d95da84000, 0x000001d95f9c6000, 0x000001d95f9c2000,
0x000001d95f9c7000, 0x000001d95f9c4800, 0x000001d95f9c5800, 0x000001d95f9c8800,
0x000001d95f9c8000, 0x000001d95f9c3000, 0x000001d95f9c9800, 0x000001d95f9c3800,
0x000001d95f9cc800, 0x000001d95f9cd800, 0x000001d95f9cc000, 0x000001d95f9cb000,
0x000001d95f9ce800, 0x000001d95f9cf000, 0x000001d95f9d0000, 0x000001d95f9ca800,
0x000001d95f9d1000, 0x000001d9611da000, 0x000001d9611dc800, 0x000001d9611e0000,
0x000001d9611db000, 0x000001d9611dd800, 0x000001d9611e1800, 0x000001d9611e0800,
0x000001d9611db800, 0x000001d9611e2800, 0x000001d9611e3000, 0x000001d9611e4000,
0x000001d9611de000, 0x000001d9611e4800, 0x000001d9611df000, 0x000001d9611e8000,
0x000001d9611e5800, 0x000001d9611e6800, 0x000001d9611e7000, 0x000001d9611e9000,
0x000001d961177000, 0x000001d961173000, 0x000001d961175800, 0x000001d961174800,
0x000001d961173800, 0x000001d961176000, 0x000001d961178000, 0x000001d961172000,
0x000001d96117e800, 0x000001d961178800, 0x000001d96117c000, 0x000001d961179800,
0x000001d96117a000, 0x000001d96117f000, 0x000001d961180000, 0x000001d96117c800,
0x000001d96117d800, 0x000001d961181000, 0x000001d96117b000, 0x000001d961652000,
0x000001d961651800, 0x000001d96164e000, 0x000001d96164f000, 0x000001d96164f800
}

Java Threads: ( => current thread )
  0x000001d941a0d000 JavaThread "main" [_thread_blocked, id=15644, stack(0x000000bab1100000,0x000000bab1200000)]
  0x000001d95c095000 JavaThread "Reference Handler" daemon [_thread_blocked, id=2168, stack(0x000000bab1800000,0x000000bab1900000)]
  0x000001d95c0c1000 JavaThread "Finalizer" daemon [_thread_blocked, id=13244, stack(0x000000bab1900000,0x000000bab1a00000)]
  0x000001d95c11a000 JavaThread "Signal Dispatcher" daemon [_thread_blocked, id=15868, stack(0x000000bab1a00000,0x000000bab1b00000)]
  0x000001d95c11c000 JavaThread "Attach Listener" daemon [_thread_blocked, id=3328, stack(0x000000bab1b00000,0x000000bab1c00000)]
  0x000001d95c11d800 JavaThread "C2 CompilerThread0" daemon [_thread_blocked, id=3432, stack(0x000000bab1c00000,0x000000bab1d00000)]
  0x000001d95c120800 JavaThread "C1 CompilerThread0" daemon [_thread_blocked, id=15412, stack(0x000000bab1d00000,0x000000bab1e00000)]
  0x000001d95c135800 JavaThread "Sweeper thread" daemon [_thread_blocked, id=13764, stack(0x000000bab1e00000,0x000000bab1f00000)]
  0x000001d95cbab000 JavaThread "Common-Cleaner" daemon [_thread_blocked, id=6156, stack(0x000000bab1f00000,0x000000bab2000000)]
  0x000001d95cbb6800 JavaThread "Service Thread" daemon [_thread_blocked, id=13556, stack(0x000000bab2000000,0x000000bab2100000)]
  0x000001d95e74f000 JavaThread "Daemon health stats" [_thread_blocked, id=728, stack(0x000000bab2300000,0x000000bab2400000)]
  0x000001d95e0af800 JavaThread "Incoming local TCP Connector on port 57188" [_thread_in_native, id=13880, stack(0x000000bab2600000,0x000000bab2700000)]
  0x000001d95d653800 JavaThread "Daemon periodic checks" [_thread_blocked, id=13616, stack(0x000000bab2900000,0x000000bab2a00000)]
  0x000001d95e332800 JavaThread "Daemon" [_thread_blocked, id=9716, stack(0x000000bab0e00000,0x000000bab0f00000)]
  0x000001d95e2fa800 JavaThread "Handler for socket connection from /127.0.0.1:57188 to /127.0.0.1:57202" [_thread_in_native, id=7192, stack(0x000000bab0f00000,0x000000bab1000000)]
  0x000001d95d608800 JavaThread "Cancel handler" [_thread_blocked, id=15480, stack(0x000000bab1000000,0x000000bab1100000)]
  0x000001d95dcce000 JavaThread "Daemon worker" [_thread_blocked, id=12840, stack(0x000000bab2a00000,0x000000bab2b00000)]
  0x000001d95d5e1800 JavaThread "Asynchronous log dispatcher for DefaultDaemonConnection: socket connection from /127.0.0.1:57188 to /127.0.0.1:57202" [_thread_blocked, id=1592, stack(0x000000bab2b00000,0x000000bab2c00000)]
  0x000001d95ccf1800 JavaThread "Stdin handler" [_thread_blocked, id=11868, stack(0x000000bab2c00000,0x000000bab2d00000)]
  0x000001d95d3cf000 JavaThread "Thread-8" [_thread_blocked, id=15164, stack(0x000000bab2d00000,0x000000bab2e00000)]
  0x000001d95da85800 JavaThread "Cache worker for file hash cache (C:\Users\Administrator\.gradle\caches\6.7\fileHashes)" [_thread_blocked, id=8260, stack(0x000000bab2e00000,0x000000bab2f00000)]
  0x000001d95da86800 JavaThread "File lock request listener" [_thread_in_native, id=15228, stack(0x000000bab2f00000,0x000000bab3000000)]
  0x000001d95da81800 JavaThread "Cache worker for journal cache (C:\Users\Administrator\.gradle\caches\journal-1)" [_thread_blocked, id=3620, stack(0x000000bab3000000,0x000000bab3100000)]
  0x000001d95da84800 JavaThread "Cache worker for file hash cache (D:\project_final\android\.gradle\6.7\fileHashes)" [_thread_blocked, id=15896, stack(0x000000bab3100000,0x000000bab3200000)]
  0x000001d95da82800 JavaThread "Cache worker for checksums cache (D:\project_final\android\.gradle\checksums)" [_thread_blocked, id=14516, stack(0x000000bab2400000,0x000000bab2500000)]
  0x000001d95da80800 JavaThread "Cache worker for cache directory md-supplier (C:\Users\Administrator\.gradle\caches\6.7\md-supplier)" [_thread_blocked, id=8664, stack(0x000000bab3200000,0x000000bab3300000)]
  0x000001d95da87000 JavaThread "Cache worker for cache directory md-rule (C:\Users\Administrator\.gradle\caches\6.7\md-rule)" [_thread_blocked, id=4288, stack(0x000000bab3300000,0x000000bab3400000)]
  0x000001d95da83000 JavaThread "Cache worker for execution history cache (C:\Users\Administrator\.gradle\caches\6.7\executionHistory)" [_thread_blocked, id=15680, stack(0x000000bab3400000,0x000000bab3500000)]
  0x000001d95f92f000 JavaThread "Cache worker for file content cache (C:\Users\Administrator\.gradle\caches\6.7\fileContent)" [_thread_blocked, id=14168, stack(0x000000bab3600000,0x000000bab3700000)]
  0x000001d95f930800 JavaThread "Cache worker for Build Output Cleanup Cache (D:\project_final\android\.gradle\buildOutputCleanup)" [_thread_blocked, id=15992, stack(0x000000bab3700000,0x000000bab3800000)]
  0x000001d95f92d800 JavaThread "Build operations" [_thread_blocked, id=13208, stack(0x000000bab2500000,0x000000bab2600000)]
  0x000001d95f930000 JavaThread "Build operations Thread 2" [_thread_blocked, id=6540, stack(0x000000bab3800000,0x000000bab3900000)]
  0x000001d95f92b000 JavaThread "Build operations Thread 3" [_thread_blocked, id=13888, stack(0x000000bab3900000,0x000000bab3a00000)]
  0x000001d95f931800 JavaThread "Build operations Thread 4" [_thread_blocked, id=11500, stack(0x000000bab3a00000,0x000000bab3b00000)]
  0x000001d96021d000 JavaThread "pool-1-thread-1" [_thread_blocked, id=12416, stack(0x000000babaa00000,0x000000babab00000)]
  0x000001d960219000 JavaThread "Memory manager" [_thread_blocked, id=13364, stack(0x000000bab3500000,0x000000bab3600000)]
  0x000001d96021b000 JavaThread "jar transforms Thread 113" [_thread_blocked, id=8856, stack(0x000000bab3b00000,0x000000bab3c00000)]
  0x000001d96021c800 JavaThread "jar transforms Thread 114" [_thread_blocked, id=8976, stack(0x000000bab3c00000,0x000000bab3d00000)]
  0x000001d96021e000 JavaThread "jar transforms Thread 115" [_thread_blocked, id=9040, stack(0x000000bab3d00000,0x000000bab3e00000)]
  0x000001d96021f000 JavaThread "jar transforms Thread 116" [_thread_blocked, id=10004, stack(0x000000bab3e00000,0x000000bab3f00000)]
  0x000001d96021f800 JavaThread "jar transforms Thread 117" [_thread_blocked, id=9744, stack(0x000000bab3f00000,0x000000bab4000000)]
  0x000001d96021b800 JavaThread "jar transforms Thread 118" [_thread_blocked, id=6296, stack(0x000000bab4000000,0x000000bab4100000)]
  0x000001d96021a000 JavaThread "jar transforms Thread 119" [_thread_blocked, id=2748, stack(0x000000bab4100000,0x000000bab4200000)]
  0x000001d960221800 JavaThread "jar transforms Thread 120" [_thread_blocked, id=15476, stack(0x000000bab4200000,0x000000bab4300000)]
  0x000001d960222000 JavaThread "jar transforms Thread 121" [_thread_blocked, id=6676, stack(0x000000bab4300000,0x000000bab4400000)]
  0x000001d960223000 JavaThread "jar transforms Thread 122" [_thread_blocked, id=14004, stack(0x000000bab4400000,0x000000bab4500000)]
  0x000001d960220800 JavaThread "jar transforms Thread 123" [_thread_blocked, id=12896, stack(0x000000bab4500000,0x000000bab4600000)]
  0x000001d960224800 JavaThread "jar transforms Thread 124" [_thread_blocked, id=1640, stack(0x000000bab4600000,0x000000bab4700000)]
  0x000001d960226000 JavaThread "jar transforms Thread 125" [_thread_blocked, id=1432, stack(0x000000bab4700000,0x000000bab4800000)]
  0x000001d960223800 JavaThread "jar transforms Thread 126" [_thread_blocked, id=11632, stack(0x000000bab4800000,0x000000bab4900000)]
  0x000001d960227000 JavaThread "jar transforms Thread 127" [_thread_blocked, id=6220, stack(0x000000bab4900000,0x000000bab4a00000)]
  0x000001d960225800 JavaThread "jar transforms Thread 128" [_thread_blocked, id=15092, stack(0x000000bab4a00000,0x000000bab4b00000)]
  0x000001d960228000 JavaThread "jar transforms Thread 129" [_thread_blocked, id=1464, stack(0x000000bab4b00000,0x000000bab4c00000)]
  0x000001d95f92b800 JavaThread "jar transforms Thread 130" [_thread_blocked, id=1856, stack(0x000000bab4c00000,0x000000bab4d00000)]
  0x000001d95f932000 JavaThread "jar transforms Thread 131" [_thread_blocked, id=3020, stack(0x000000bab4d00000,0x000000bab4e00000)]
  0x000001d95f92c800 JavaThread "jar transforms Thread 132" [_thread_blocked, id=6788, stack(0x000000bab4e00000,0x000000bab4f00000)]
  0x000001d95f937000 JavaThread "jar transforms Thread 133" [_thread_blocked, id=5780, stack(0x000000bab4f00000,0x000000bab5000000)]
  0x000001d95f935800 JavaThread "jar transforms Thread 134" [_thread_blocked, id=12384, stack(0x000000bab5000000,0x000000bab5100000)]
  0x000001d95f936800 JavaThread "jar transforms Thread 135" [_thread_blocked, id=13904, stack(0x000000bab5100000,0x000000bab5200000)]
  0x000001d95f934000 JavaThread "jar transforms Thread 136" [_thread_blocked, id=14616, stack(0x000000bab5200000,0x000000bab5300000)]
  0x000001d95f938800 JavaThread "jar transforms Thread 137" [_thread_blocked, id=10672, stack(0x000000bab5300000,0x000000bab5400000)]
  0x000001d95f938000 JavaThread "jar transforms Thread 138" [_thread_blocked, id=6440, stack(0x000000bab5400000,0x000000bab5500000)]
  0x000001d95f933000 JavaThread "jar transforms Thread 139" [_thread_blocked, id=13572, stack(0x000000bab5500000,0x000000bab5600000)]
  0x000001d95f939800 JavaThread "jar transforms Thread 140" [_thread_blocked, id=13376, stack(0x000000bab5600000,0x000000bab5700000)]
  0x000001d95f934800 JavaThread "jar transforms Thread 141" [_thread_blocked, id=3796, stack(0x000000bab5700000,0x000000bab5800000)]
  0x000001d95da84000 JavaThread "jar transforms Thread 142" [_thread_blocked, id=15036, stack(0x000000bab5800000,0x000000bab5900000)]
  0x000001d95f9c6000 JavaThread "jar transforms Thread 143" [_thread_blocked, id=15620, stack(0x000000bab5900000,0x000000bab5a00000)]
  0x000001d95f9c2000 JavaThread "jar transforms Thread 144" [_thread_blocked, id=13012, stack(0x000000bab5a00000,0x000000bab5b00000)]
  0x000001d95f9c7000 JavaThread "jar transforms Thread 145" [_thread_blocked, id=11028, stack(0x000000bab5b00000,0x000000bab5c00000)]
  0x000001d95f9c4800 JavaThread "jar transforms Thread 146" [_thread_blocked, id=12600, stack(0x000000bab5c00000,0x000000bab5d00000)]
  0x000001d95f9c5800 JavaThread "jar transforms Thread 147" [_thread_blocked, id=12512, stack(0x000000bab5d00000,0x000000bab5e00000)]
  0x000001d95f9c8800 JavaThread "jar transforms Thread 148" [_thread_blocked, id=16040, stack(0x000000bab5e00000,0x000000bab5f00000)]
  0x000001d95f9c8000 JavaThread "jar transforms Thread 149" [_thread_blocked, id=4872, stack(0x000000bab5f00000,0x000000bab6000000)]
  0x000001d95f9c3000 JavaThread "jar transforms Thread 150" [_thread_blocked, id=16208, stack(0x000000bab6000000,0x000000bab6100000)]
  0x000001d95f9c9800 JavaThread "jar transforms Thread 151" [_thread_blocked, id=6784, stack(0x000000bab6100000,0x000000bab6200000)]
  0x000001d95f9c3800 JavaThread "jar transforms Thread 152" [_thread_blocked, id=8452, stack(0x000000bab6200000,0x000000bab6300000)]
  0x000001d95f9cc800 JavaThread "jar transforms Thread 153" [_thread_blocked, id=7728, stack(0x000000bab6300000,0x000000bab6400000)]
  0x000001d95f9cd800 JavaThread "jar transforms Thread 154" [_thread_blocked, id=15364, stack(0x000000bab6400000,0x000000bab6500000)]
  0x000001d95f9cc000 JavaThread "jar transforms Thread 155" [_thread_blocked, id=10388, stack(0x000000bab6500000,0x000000bab6600000)]
  0x000001d95f9cb000 JavaThread "jar transforms Thread 156" [_thread_blocked, id=1228, stack(0x000000bab6600000,0x000000bab6700000)]
  0x000001d95f9ce800 JavaThread "jar transforms Thread 157" [_thread_blocked, id=2544, stack(0x000000bab6700000,0x000000bab6800000)]
  0x000001d95f9cf000 JavaThread "jar transforms Thread 158" [_thread_blocked, id=7356, stack(0x000000bab6800000,0x000000bab6900000)]
  0x000001d95f9d0000 JavaThread "jar transforms Thread 159" [_thread_blocked, id=15264, stack(0x000000bab6900000,0x000000bab6a00000)]
  0x000001d95f9ca800 JavaThread "jar transforms Thread 160" [_thread_blocked, id=15860, stack(0x000000bab6a00000,0x000000bab6b00000)]
  0x000001d95f9d1000 JavaThread "jar transforms Thread 161" [_thread_blocked, id=2832, stack(0x000000bab6b00000,0x000000bab6c00000)]
  0x000001d9611da000 JavaThread "jar transforms Thread 162" [_thread_blocked, id=13900, stack(0x000000bab6c00000,0x000000bab6d00000)]
  0x000001d9611dc800 JavaThread "jar transforms Thread 163" [_thread_blocked, id=2132, stack(0x000000bab6d00000,0x000000bab6e00000)]
  0x000001d9611e0000 JavaThread "jar transforms Thread 164" [_thread_blocked, id=15072, stack(0x000000bab6e00000,0x000000bab6f00000)]
  0x000001d9611db000 JavaThread "jar transforms Thread 165" [_thread_blocked, id=12468, stack(0x000000bab6f00000,0x000000bab7000000)]
  0x000001d9611dd800 JavaThread "jar transforms Thread 166" [_thread_blocked, id=16028, stack(0x000000bab7000000,0x000000bab7100000)]
  0x000001d9611e1800 JavaThread "jar transforms Thread 167" [_thread_blocked, id=12920, stack(0x000000bab7100000,0x000000bab7200000)]
  0x000001d9611e0800 JavaThread "jar transforms Thread 168" [_thread_blocked, id=6720, stack(0x000000bab7200000,0x000000bab7300000)]
  0x000001d9611db800 JavaThread "jar transforms Thread 169" [_thread_blocked, id=5156, stack(0x000000bab7300000,0x000000bab7400000)]
  0x000001d9611e2800 JavaThread "jar transforms Thread 170" [_thread_blocked, id=12328, stack(0x000000bab7400000,0x000000bab7500000)]
  0x000001d9611e3000 JavaThread "jar transforms Thread 171" [_thread_blocked, id=7580, stack(0x000000bab7500000,0x000000bab7600000)]
  0x000001d9611e4000 JavaThread "jar transforms Thread 172" [_thread_blocked, id=13864, stack(0x000000bab7600000,0x000000bab7700000)]
  0x000001d9611de000 JavaThread "jar transforms Thread 173" [_thread_blocked, id=8708, stack(0x000000bab7700000,0x000000bab7800000)]
  0x000001d9611e4800 JavaThread "jar transforms Thread 174" [_thread_blocked, id=8916, stack(0x000000bab7800000,0x000000bab7900000)]
  0x000001d9611df000 JavaThread "jar transforms Thread 175" [_thread_blocked, id=6140, stack(0x000000bab7900000,0x000000bab7a00000)]
  0x000001d9611e8000 JavaThread "jar transforms Thread 176" [_thread_blocked, id=236, stack(0x000000bab7a00000,0x000000bab7b00000)]
  0x000001d9611e5800 JavaThread "jar transforms Thread 177" [_thread_blocked, id=2744, stack(0x000000bab7b00000,0x000000bab7c00000)]
  0x000001d9611e6800 JavaThread "jar transforms Thread 178" [_thread_blocked, id=5692, stack(0x000000bab7c00000,0x000000bab7d00000)]
  0x000001d9611e7000 JavaThread "jar transforms Thread 179" [_thread_blocked, id=8428, stack(0x000000bab7d00000,0x000000bab7e00000)]
  0x000001d9611e9000 JavaThread "jar transforms Thread 180" [_thread_blocked, id=14708, stack(0x000000bab7e00000,0x000000bab7f00000)]
  0x000001d961177000 JavaThread "jar transforms Thread 181" [_thread_blocked, id=5468, stack(0x000000bab7f00000,0x000000bab8000000)]
  0x000001d961173000 JavaThread "jar transforms Thread 182" [_thread_blocked, id=9308, stack(0x000000bab8000000,0x000000bab8100000)]
  0x000001d961175800 JavaThread "jar transforms Thread 183" [_thread_blocked, id=10112, stack(0x000000bab8100000,0x000000bab8200000)]
  0x000001d961174800 JavaThread "jar transforms Thread 184" [_thread_blocked, id=5528, stack(0x000000bab8200000,0x000000bab8300000)]
  0x000001d961173800 JavaThread "jar transforms Thread 185" [_thread_blocked, id=12272, stack(0x000000bab8300000,0x000000bab8400000)]
  0x000001d961176000 JavaThread "jar transforms Thread 186" [_thread_blocked, id=15916, stack(0x000000bab8400000,0x000000bab8500000)]
  0x000001d961178000 JavaThread "jar transforms Thread 187" [_thread_blocked, id=14864, stack(0x000000bab8500000,0x000000bab8600000)]
  0x000001d961172000 JavaThread "jar transforms Thread 188" [_thread_blocked, id=16236, stack(0x000000bab8600000,0x000000bab8700000)]
  0x000001d96117e800 JavaThread "jar transforms Thread 189" [_thread_blocked, id=12356, stack(0x000000bab8700000,0x000000bab8800000)]
  0x000001d961178800 JavaThread "jar transforms Thread 190" [_thread_blocked, id=13036, stack(0x000000bab8800000,0x000000bab8900000)]
  0x000001d96117c000 JavaThread "jar transforms Thread 191" [_thread_blocked, id=3068, stack(0x000000bab8900000,0x000000bab8a00000)]
  0x000001d961179800 JavaThread "jar transforms Thread 192" [_thread_blocked, id=12364, stack(0x000000bab8a00000,0x000000bab8b00000)]
  0x000001d96117a000 JavaThread "jar transforms Thread 193" [_thread_blocked, id=4308, stack(0x000000bab8b00000,0x000000bab8c00000)]
  0x000001d96117f000 JavaThread "jar transforms Thread 194" [_thread_blocked, id=14892, stack(0x000000bab8c00000,0x000000bab8d00000)]
  0x000001d961180000 JavaThread "jar transforms Thread 195" [_thread_blocked, id=9520, stack(0x000000bab8d00000,0x000000bab8e00000)]
  0x000001d96117c800 JavaThread "jar transforms Thread 196" [_thread_blocked, id=4192, stack(0x000000bab8e00000,0x000000bab8f00000)]
  0x000001d96117d800 JavaThread "jar transforms Thread 197" [_thread_blocked, id=192, stack(0x000000bab8f00000,0x000000bab9000000)]
  0x000001d961181000 JavaThread "jar transforms Thread 198" [_thread_blocked, id=15388, stack(0x000000bab9000000,0x000000bab9100000)]
  0x000001d96117b000 JavaThread "jar transforms Thread 199" [_thread_blocked, id=10360, stack(0x000000bab9100000,0x000000bab9200000)]
  0x000001d961652000 JavaThread "jar transforms Thread 200" [_thread_blocked, id=11984, stack(0x000000bab9200000,0x000000bab9300000)]
  0x000001d961651800 JavaThread "jar transforms Thread 201" [_thread_blocked, id=14468, stack(0x000000bab9300000,0x000000bab9400000)]
  0x000001d96164e000 JavaThread "jar transforms Thread 202" [_thread_blocked, id=3720, stack(0x000000bab9400000,0x000000bab9500000)]
  0x000001d96164f000 JavaThread "jar transforms Thread 203" [_thread_blocked, id=2876, stack(0x000000bab9500000,0x000000bab9600000)]
  0x000001d96164f800 JavaThread "jar transforms Thread 204" [_thread_blocked, id=10396, stack(0x000000bab9600000,0x000000bab9700000)]

Other Threads:
=>0x000001d95c092800 VMThread "VM Thread" [stack: 0x000000bab1700000,0x000000bab1800000] [id=7348]
  0x000001d95cbb7800 WatcherThread [stack: 0x000000bab2100000,0x000000bab2200000] [id=13912]
  0x000001d941a26000 GCTaskThread "GC Thread#0" [stack: 0x000000bab1200000,0x000000bab1300000] [id=13460]
  0x000001d95ce43800 GCTaskThread "GC Thread#1" [stack: 0x000000bab2200000,0x000000bab2300000] [id=7032]
  0x000001d95d9f9800 GCTaskThread "GC Thread#2" [stack: 0x000000bab2700000,0x000000bab2800000] [id=7748]
  0x000001d95d9fa000 GCTaskThread "GC Thread#3" [stack: 0x000000bab2800000,0x000000bab2900000] [id=13432]
  0x000001d941a4c000 ConcurrentGCThread "G1 Main Marker" [stack: 0x000000bab1300000,0x000000bab1400000] [id=16332]
  0x000001d941a4d800 ConcurrentGCThread "G1 Conc#0" [stack: 0x000000bab1400000,0x000000bab1500000] [id=2340]
  0x000001d941aa8000 ConcurrentGCThread "G1 Refine#0" [stack: 0x000000bab1500000,0x000000bab1600000] [id=15244]
  0x000001d941aa9000 ConcurrentGCThread "G1 Young RemSet Sampling" [stack: 0x000000bab1600000,0x000000bab1700000] [id=11896]

Threads with active compile tasks:

VM state:at safepoint (normal execution)

VM Mutex/Monitor currently owned by a thread:  ([mutex/lock_event])
[0x000001d941a0a8a0] Threads_lock - owner thread: 0x000001d95c092800
[0x000001d941a09b20] Heap_lock - owner thread: 0x000001d95dcce000

Heap address: 0x00000000a0000000, size: 1536 MB, Compressed Oops mode: 32-bit
Narrow klass base: 0x0000000000000000, Narrow klass shift: 3
Compressed class space size: 1073741824 Address: 0x0000000100000000

Heap:
 garbage-first heap   total 529408K, used 49665K [0x00000000a0000000, 0x0000000100000000)
  region size 1024K, 2 young (2048K), 2 survivors (2048K)
 Metaspace       used 60417K, capacity 61814K, committed 61952K, reserved 1103872K
  class space    used 7599K, capacity 8098K, committed 8192K, reserved 1048576K
Heap Regions: E=young(eden), S=young(survivor), O=old, HS=humongous(starts), HC=humongous(continues), CS=collection set, F=free, A=archive, TAMS=top-at-mark-start (previous, next)
|   0|0x00000000a0000000, 0x00000000a0100000, 0x00000000a0100000|100%| O|  |TAMS 0x00000000a0100000, 0x00000000a0000000| Untracked 
|   1|0x00000000a0100000, 0x00000000a0200000, 0x00000000a0200000|100%| O|  |TAMS 0x00000000a0200000, 0x00000000a0100000| Untracked 
|   2|0x00000000a0200000, 0x00000000a0300000, 0x00000000a0300000|100%| O|  |TAMS 0x00000000a0300000, 0x00000000a0200000| Untracked 
|   3|0x00000000a0300000, 0x00000000a0400000, 0x00000000a0400000|100%|HS|  |TAMS 0x00000000a0400000, 0x00000000a0300000| Complete 
|   4|0x00000000a0400000, 0x00000000a0500000, 0x00000000a0500000|100%|HC|  |TAMS 0x00000000a0500000, 0x00000000a0400000| Complete 
|   5|0x00000000a0500000, 0x00000000a0600000, 0x00000000a0600000|100%|HC|  |TAMS 0x00000000a0600000, 0x00000000a0500000| Complete 
|   6|0x00000000a0600000, 0x00000000a0700000, 0x00000000a0700000|100%| O|  |TAMS 0x00000000a0700000, 0x00000000a0600000| Untracked 
|   7|0x00000000a0700000, 0x00000000a0800000, 0x00000000a0800000|100%| O|  |TAMS 0x00000000a0800000, 0x00000000a0700000| Untracked 
|   8|0x00000000a0800000, 0x00000000a0900000, 0x00000000a0900000|100%| O|  |TAMS 0x00000000a0900000, 0x00000000a0800000| Untracked 
|   9|0x00000000a0900000, 0x00000000a0a00000, 0x00000000a0a00000|100%| O|  |TAMS 0x00000000a0a00000, 0x00000000a0900000| Untracked 
|  10|0x00000000a0a00000, 0x00000000a0b00000, 0x00000000a0b00000|100%| O|  |TAMS 0x00000000a0b00000, 0x00000000a0a00000| Untracked 
|  11|0x00000000a0b00000, 0x00000000a0c00000, 0x00000000a0c00000|100%| O|  |TAMS 0x00000000a0c00000, 0x00000000a0b00000| Untracked 
|  12|0x00000000a0c00000, 0x00000000a0d00000, 0x00000000a0d00000|100%| O|  |TAMS 0x00000000a0d00000, 0x00000000a0c00000| Untracked 
|  13|0x00000000a0d00000, 0x00000000a0e00000, 0x00000000a0e00000|100%| O|  |TAMS 0x00000000a0e00000, 0x00000000a0d00000| Untracked 
|  14|0x00000000a0e00000, 0x00000000a0f00000, 0x00000000a0f00000|100%| O|  |TAMS 0x00000000a0f00000, 0x00000000a0e00000| Untracked 
|  15|0x00000000a0f00000, 0x00000000a1000000, 0x00000000a1000000|100%| O|  |TAMS 0x00000000a1000000, 0x00000000a0f00000| Untracked 
|  16|0x00000000a1000000, 0x00000000a1100000, 0x00000000a1100000|100%| O|  |TAMS 0x00000000a1100000, 0x00000000a1000000| Untracked 
|  17|0x00000000a1100000, 0x00000000a1200000, 0x00000000a1200000|100%| O|  |TAMS 0x00000000a1200000, 0x00000000a1100000| Untracked 
|  18|0x00000000a1200000, 0x00000000a1300000, 0x00000000a1300000|100%| O|  |TAMS 0x00000000a1300000, 0x00000000a1200000| Untracked 
|  19|0x00000000a1300000, 0x00000000a1400000, 0x00000000a1400000|100%| O|  |TAMS 0x00000000a1400000, 0x00000000a1300000| Untracked 
|  20|0x00000000a1400000, 0x00000000a1500000, 0x00000000a1500000|100%| O|  |TAMS 0x00000000a1500000, 0x00000000a1400000| Untracked 
|  21|0x00000000a1500000, 0x00000000a1600000, 0x00000000a1600000|100%| O|  |TAMS 0x00000000a1539e00, 0x00000000a1500000| Untracked 
|  22|0x00000000a1600000, 0x00000000a1700000, 0x00000000a1700000|100%| O|  |TAMS 0x00000000a1600000, 0x00000000a1600000| Untracked 
|  23|0x00000000a1700000, 0x00000000a1800000, 0x00000000a1800000|100%| O|  |TAMS 0x00000000a1700000, 0x00000000a1700000| Untracked 
|  24|0x00000000a1800000, 0x00000000a1900000, 0x00000000a1900000|100%| O|  |TAMS 0x00000000a1800000, 0x00000000a1800000| Untracked 
|  25|0x00000000a1900000, 0x00000000a1a00000, 0x00000000a1a00000|100%| O|  |TAMS 0x00000000a1900000, 0x00000000a1900000| Untracked 
|  26|0x00000000a1a00000, 0x00000000a1b00000, 0x00000000a1b00000|100%| O|  |TAMS 0x00000000a1a00000, 0x00000000a1a00000| Untracked 
|  27|0x00000000a1b00000, 0x00000000a1c00000, 0x00000000a1c00000|100%| O|  |TAMS 0x00000000a1b00000, 0x00000000a1b00000| Untracked 
|  28|0x00000000a1c00000, 0x00000000a1d00000, 0x00000000a1d00000|100%|HS|  |TAMS 0x00000000a1c00000, 0x00000000a1c00000| Complete 
|  29|0x00000000a1d00000, 0x00000000a1e00000, 0x00000000a1e00000|100%|HS|  |TAMS 0x00000000a1d00000, 0x00000000a1d00000| Complete 
|  30|0x00000000a1e00000, 0x00000000a1f00000, 0x00000000a1f00000|100%|HC|  |TAMS 0x00000000a1e00000, 0x00000000a1e00000| Complete 
|  31|0x00000000a1f00000, 0x00000000a2000000, 0x00000000a2000000|100%|HC|  |TAMS 0x00000000a1f00000, 0x00000000a1f00000| Complete 
|  32|0x00000000a2000000, 0x00000000a2100000, 0x00000000a2100000|100%|HS|  |TAMS 0x00000000a2000000, 0x00000000a2000000| Complete 
|  33|0x00000000a2100000, 0x00000000a2200000, 0x00000000a2200000|100%|HC|  |TAMS 0x00000000a2100000, 0x00000000a2100000| Complete 
|  34|0x00000000a2200000, 0x00000000a2300000, 0x00000000a2300000|100%| O|  |TAMS 0x00000000a2200000, 0x00000000a2200000| Untracked 
|  35|0x00000000a2300000, 0x00000000a2400000, 0x00000000a2400000|100%| O|  |TAMS 0x00000000a2300000, 0x00000000a2300000| Untracked 
|  36|0x00000000a2400000, 0x00000000a2500000, 0x00000000a2500000|100%| O|  |TAMS 0x00000000a2400000, 0x00000000a2400000| Untracked 
|  37|0x00000000a2500000, 0x00000000a2600000, 0x00000000a2600000|100%| O|  |TAMS 0x00000000a2500000, 0x00000000a2500000| Untracked 
|  38|0x00000000a2600000, 0x00000000a2700000, 0x00000000a2700000|100%| O|  |TAMS 0x00000000a2600000, 0x00000000a2600000| Untracked 
|  39|0x00000000a2700000, 0x00000000a2800000, 0x00000000a2800000|100%| O|  |TAMS 0x00000000a2700000, 0x00000000a2700000| Untracked 
|  40|0x00000000a2800000, 0x00000000a2900000, 0x00000000a2900000|100%| O|  |TAMS 0x00000000a2800000, 0x00000000a2800000| Untracked 
|  41|0x00000000a2900000, 0x00000000a2a00000, 0x00000000a2a00000|100%| O|  |TAMS 0x00000000a2900000, 0x00000000a2900000| Untracked 
|  42|0x00000000a2a00000, 0x00000000a2b00000, 0x00000000a2b00000|100%| O|  |TAMS 0x00000000a2a00000, 0x00000000a2a00000| Untracked 
|  43|0x00000000a2b00000, 0x00000000a2c00000, 0x00000000a2c00000|100%| O|  |TAMS 0x00000000a2b00000, 0x00000000a2b00000| Untracked 
|  44|0x00000000a2c00000, 0x00000000a2d00000, 0x00000000a2d00000|100%| O|  |TAMS 0x00000000a2c00000, 0x00000000a2c00000| Untracked 
|  45|0x00000000a2d00000, 0x00000000a2e00000, 0x00000000a2e00000|100%| O|  |TAMS 0x00000000a2d00000, 0x00000000a2d00000| Untracked 
|  46|0x00000000a2e00000, 0x00000000a2eaa400, 0x00000000a2f00000| 66%| O|  |TAMS 0x00000000a2e00000, 0x00000000a2e00000| Untracked 
|  47|0x00000000a2f00000, 0x00000000a2f00000, 0x00000000a3000000|  0%| F|  |TAMS 0x00000000a2f00000, 0x00000000a2f00000| Untracked 
|  48|0x00000000a3000000, 0x00000000a3000000, 0x00000000a3100000|  0%| F|  |TAMS 0x00000000a3000000, 0x00000000a3000000| Untracked 
|  49|0x00000000a3100000, 0x00000000a3100000, 0x00000000a3200000|  0%| F|  |TAMS 0x00000000a3100000, 0x00000000a3100000| Untracked 
|  50|0x00000000a3200000, 0x00000000a3200000, 0x00000000a3300000|  0%| F|  |TAMS 0x00000000a3200000, 0x00000000a3200000| Untracked 
|  51|0x00000000a3300000, 0x00000000a3300000, 0x00000000a3400000|  0%| F|  |TAMS 0x00000000a3300000, 0x00000000a3300000| Untracked 
|  52|0x00000000a3400000, 0x00000000a3400000, 0x00000000a3500000|  0%| F|  |TAMS 0x00000000a3400000, 0x00000000a3400000| Untracked 
|  53|0x00000000a3500000, 0x00000000a3500000, 0x00000000a3600000|  0%| F|  |TAMS 0x00000000a3500000, 0x00000000a3500000| Untracked 
|  54|0x00000000a3600000, 0x00000000a3600000, 0x00000000a3700000|  0%| F|  |TAMS 0x00000000a3600000, 0x00000000a3600000| Untracked 
|  55|0x00000000a3700000, 0x00000000a3700000, 0x00000000a3800000|  0%| F|  |TAMS 0x00000000a3700000, 0x00000000a3700000| Untracked 
|  56|0x00000000a3800000, 0x00000000a3800000, 0x00000000a3900000|  0%| F|  |TAMS 0x00000000a3800000, 0x00000000a3800000| Untracked 
|  57|0x00000000a3900000, 0x00000000a3900000, 0x00000000a3a00000|  0%| F|  |TAMS 0x00000000a3900000, 0x00000000a3900000| Untracked 
|  58|0x00000000a3a00000, 0x00000000a3a00000, 0x00000000a3b00000|  0%| F|  |TAMS 0x00000000a3a00000, 0x00000000a3a00000| Untracked 
|  59|0x00000000a3b00000, 0x00000000a3b00000, 0x00000000a3c00000|  0%| F|  |TAMS 0x00000000a3b00000, 0x00000000a3b00000| Untracked 
|  60|0x00000000a3c00000, 0x00000000a3c00000, 0x00000000a3d00000|  0%| F|  |TAMS 0x00000000a3c00000, 0x00000000a3c00000| Untracked 
|  61|0x00000000a3d00000, 0x00000000a3d00000, 0x00000000a3e00000|  0%| F|  |TAMS 0x00000000a3d00000, 0x00000000a3d00000| Untracked 
|  62|0x00000000a3e00000, 0x00000000a3e00000, 0x00000000a3f00000|  0%| F|  |TAMS 0x00000000a3e00000, 0x00000000a3e00000| Untracked 
|  63|0x00000000a3f00000, 0x00000000a3f00000, 0x00000000a4000000|  0%| F|  |TAMS 0x00000000a3f00000, 0x00000000a3f00000| Untracked 
|  64|0x00000000a4000000, 0x00000000a4000000, 0x00000000a4100000|  0%| F|  |TAMS 0x00000000a4000000, 0x00000000a4000000| Untracked 
|  65|0x00000000a4100000, 0x00000000a4100000, 0x00000000a4200000|  0%| F|  |TAMS 0x00000000a4100000, 0x00000000a4100000| Untracked 
|  66|0x00000000a4200000, 0x00000000a4200000, 0x00000000a4300000|  0%| F|  |TAMS 0x00000000a4200000, 0x00000000a4200000| Untracked 
|  67|0x00000000a4300000, 0x00000000a4300000, 0x00000000a4400000|  0%| F|  |TAMS 0x00000000a4300000, 0x00000000a4300000| Untracked 
|  68|0x00000000a4400000, 0x00000000a4400000, 0x00000000a4500000|  0%| F|  |TAMS 0x00000000a4400000, 0x00000000a4400000| Untracked 
|  69|0x00000000a4500000, 0x00000000a4500000, 0x00000000a4600000|  0%| F|  |TAMS 0x00000000a4500000, 0x00000000a4500000| Untracked 
|  70|0x00000000a4600000, 0x00000000a4600000, 0x00000000a4700000|  0%| F|  |TAMS 0x00000000a4600000, 0x00000000a4600000| Untracked 
|  71|0x00000000a4700000, 0x00000000a4700000, 0x00000000a4800000|  0%| F|  |TAMS 0x00000000a4700000, 0x00000000a4700000| Untracked 
|  72|0x00000000a4800000, 0x00000000a4800000, 0x00000000a4900000|  0%| F|  |TAMS 0x00000000a4800000, 0x00000000a4800000| Untracked 
|  73|0x00000000a4900000, 0x00000000a4900000, 0x00000000a4a00000|  0%| F|  |TAMS 0x00000000a4900000, 0x00000000a4900000| Untracked 
|  74|0x00000000a4a00000, 0x00000000a4a00000, 0x00000000a4b00000|  0%| F|  |TAMS 0x00000000a4a00000, 0x00000000a4a00000| Untracked 
|  75|0x00000000a4b00000, 0x00000000a4b00000, 0x00000000a4c00000|  0%| F|  |TAMS 0x00000000a4b00000, 0x00000000a4b00000| Untracked 
|  76|0x00000000a4c00000, 0x00000000a4c00000, 0x00000000a4d00000|  0%| F|  |TAMS 0x00000000a4c00000, 0x00000000a4c00000| Untracked 
|  77|0x00000000a4d00000, 0x00000000a4d00000, 0x00000000a4e00000|  0%| F|  |TAMS 0x00000000a4d00000, 0x00000000a4d00000| Untracked 
|  78|0x00000000a4e00000, 0x00000000a4e00000, 0x00000000a4f00000|  0%| F|  |TAMS 0x00000000a4e00000, 0x00000000a4e00000| Untracked 
|  79|0x00000000a4f00000, 0x00000000a4f00000, 0x00000000a5000000|  0%| F|  |TAMS 0x00000000a4f00000, 0x00000000a4f00000| Untracked 
|  80|0x00000000a5000000, 0x00000000a5000000, 0x00000000a5100000|  0%| F|  |TAMS 0x00000000a5000000, 0x00000000a5000000| Untracked 
|  81|0x00000000a5100000, 0x00000000a5100000, 0x00000000a5200000|  0%| F|  |TAMS 0x00000000a5100000, 0x00000000a5100000| Untracked 
|  82|0x00000000a5200000, 0x00000000a5200000, 0x00000000a5300000|  0%| F|  |TAMS 0x00000000a5200000, 0x00000000a5200000| Untracked 
|  83|0x00000000a5300000, 0x00000000a5300000, 0x00000000a5400000|  0%| F|  |TAMS 0x00000000a5300000, 0x00000000a5300000| Untracked 
|  84|0x00000000a5400000, 0x00000000a5400000, 0x00000000a5500000|  0%| F|  |TAMS 0x00000000a5400000, 0x00000000a5400000| Untracked 
|  85|0x00000000a5500000, 0x00000000a5500000, 0x00000000a5600000|  0%| F|  |TAMS 0x00000000a5500000, 0x00000000a5500000| Untracked 
|  86|0x00000000a5600000, 0x00000000a5600000, 0x00000000a5700000|  0%| F|  |TAMS 0x00000000a5600000, 0x00000000a5600000| Untracked 
|  87|0x00000000a5700000, 0x00000000a5700000, 0x00000000a5800000|  0%| F|  |TAMS 0x00000000a5700000, 0x00000000a5700000| Untracked 
|  88|0x00000000a5800000, 0x00000000a5800000, 0x00000000a5900000|  0%| F|  |TAMS 0x00000000a5800000, 0x00000000a5800000| Untracked 
|  89|0x00000000a5900000, 0x00000000a5900000, 0x00000000a5a00000|  0%| F|  |TAMS 0x00000000a5900000, 0x00000000a5900000| Untracked 
|  90|0x00000000a5a00000, 0x00000000a5a00000, 0x00000000a5b00000|  0%| F|  |TAMS 0x00000000a5a00000, 0x00000000a5a00000| Untracked 
|  91|0x00000000a5b00000, 0x00000000a5b00000, 0x00000000a5c00000|  0%| F|  |TAMS 0x00000000a5b00000, 0x00000000a5b00000| Untracked 
|  92|0x00000000a5c00000, 0x00000000a5c00000, 0x00000000a5d00000|  0%| F|  |TAMS 0x00000000a5c00000, 0x00000000a5c00000| Untracked 
|  93|0x00000000a5d00000, 0x00000000a5d00000, 0x00000000a5e00000|  0%| F|  |TAMS 0x00000000a5d00000, 0x00000000a5d00000| Untracked 
|  94|0x00000000a5e00000, 0x00000000a5e00000, 0x00000000a5f00000|  0%| F|  |TAMS 0x00000000a5e00000, 0x00000000a5e00000| Untracked 
|  95|0x00000000a5f00000, 0x00000000a5f00000, 0x00000000a6000000|  0%| F|  |TAMS 0x00000000a5f00000, 0x00000000a5f00000| Untracked 
|  96|0x00000000a6000000, 0x00000000a6000000, 0x00000000a6100000|  0%| F|  |TAMS 0x00000000a6000000, 0x00000000a6000000| Untracked 
|  97|0x00000000a6100000, 0x00000000a6100000, 0x00000000a6200000|  0%| F|  |TAMS 0x00000000a6100000, 0x00000000a6100000| Untracked 
|  98|0x00000000a6200000, 0x00000000a6200000, 0x00000000a6300000|  0%| F|  |TAMS 0x00000000a6200000, 0x00000000a6200000| Untracked 
|  99|0x00000000a6300000, 0x00000000a6300000, 0x00000000a6400000|  0%| F|  |TAMS 0x00000000a6300000, 0x00000000a6300000| Untracked 
| 100|0x00000000a6400000, 0x00000000a6400000, 0x00000000a6500000|  0%| F|  |TAMS 0x00000000a6400000, 0x00000000a6400000| Untracked 
| 101|0x00000000a6500000, 0x00000000a6500000, 0x00000000a6600000|  0%| F|  |TAMS 0x00000000a6500000, 0x00000000a6500000| Untracked 
| 102|0x00000000a6600000, 0x00000000a6600000, 0x00000000a6700000|  0%| F|  |TAMS 0x00000000a6600000, 0x00000000a6600000| Untracked 
| 103|0x00000000a6700000, 0x00000000a6700000, 0x00000000a6800000|  0%| F|  |TAMS 0x00000000a6700000, 0x00000000a6700000| Untracked 
| 104|0x00000000a6800000, 0x00000000a6800000, 0x00000000a6900000|  0%| F|  |TAMS 0x00000000a6800000, 0x00000000a6800000| Untracked 
| 105|0x00000000a6900000, 0x00000000a6900000, 0x00000000a6a00000|  0%| F|  |TAMS 0x00000000a6900000, 0x00000000a6900000| Untracked 
| 106|0x00000000a6a00000, 0x00000000a6a00000, 0x00000000a6b00000|  0%| F|  |TAMS 0x00000000a6a00000, 0x00000000a6a00000| Untracked 
| 107|0x00000000a6b00000, 0x00000000a6b00000, 0x00000000a6c00000|  0%| F|  |TAMS 0x00000000a6b00000, 0x00000000a6b00000| Untracked 
| 108|0x00000000a6c00000, 0x00000000a6c00000, 0x00000000a6d00000|  0%| F|  |TAMS 0x00000000a6c00000, 0x00000000a6c00000| Untracked 
| 109|0x00000000a6d00000, 0x00000000a6d00000, 0x00000000a6e00000|  0%| F|  |TAMS 0x00000000a6d00000, 0x00000000a6d00000| Untracked 
| 110|0x00000000a6e00000, 0x00000000a6e00000, 0x00000000a6f00000|  0%| F|  |TAMS 0x00000000a6e00000, 0x00000000a6e00000| Untracked 
| 111|0x00000000a6f00000, 0x00000000a6f00000, 0x00000000a7000000|  0%| F|  |TAMS 0x00000000a6f00000, 0x00000000a6f00000| Untracked 
| 112|0x00000000a7000000, 0x00000000a7000000, 0x00000000a7100000|  0%| F|  |TAMS 0x00000000a7000000, 0x00000000a7000000| Untracked 
| 113|0x00000000a7100000, 0x00000000a7100000, 0x00000000a7200000|  0%| F|  |TAMS 0x00000000a7100000, 0x00000000a7100000| Untracked 
| 114|0x00000000a7200000, 0x00000000a7200000, 0x00000000a7300000|  0%| F|  |TAMS 0x00000000a7200000, 0x00000000a7200000| Untracked 
| 115|0x00000000a7300000, 0x00000000a7300000, 0x00000000a7400000|  0%| F|  |TAMS 0x00000000a7300000, 0x00000000a7300000| Untracked 
| 116|0x00000000a7400000, 0x00000000a7400000, 0x00000000a7500000|  0%| F|  |TAMS 0x00000000a7400000, 0x00000000a7400000| Untracked 
| 117|0x00000000a7500000, 0x00000000a7500000, 0x00000000a7600000|  0%| F|  |TAMS 0x00000000a7500000, 0x00000000a7500000| Untracked 
| 118|0x00000000a7600000, 0x00000000a7600000, 0x00000000a7700000|  0%| F|  |TAMS 0x00000000a7600000, 0x00000000a7600000| Untracked 
| 119|0x00000000a7700000, 0x00000000a7700000, 0x00000000a7800000|  0%| F|  |TAMS 0x00000000a7700000, 0x00000000a7700000| Untracked 
| 120|0x00000000a7800000, 0x00000000a7800000, 0x00000000a7900000|  0%| F|  |TAMS 0x00000000a7800000, 0x00000000a7800000| Untracked 
| 121|0x00000000a7900000, 0x00000000a7900000, 0x00000000a7a00000|  0%| F|  |TAMS 0x00000000a7900000, 0x00000000a7900000| Untracked 
| 122|0x00000000a7a00000, 0x00000000a7a00000, 0x00000000a7b00000|  0%| F|  |TAMS 0x00000000a7a00000, 0x00000000a7a00000| Untracked 
| 123|0x00000000a7b00000, 0x00000000a7b00000, 0x00000000a7c00000|  0%| F|  |TAMS 0x00000000a7b00000, 0x00000000a7b00000| Untracked 
| 124|0x00000000a7c00000, 0x00000000a7c00000, 0x00000000a7d00000|  0%| F|  |TAMS 0x00000000a7c00000, 0x00000000a7c00000| Untracked 
| 125|0x00000000a7d00000, 0x00000000a7d00000, 0x00000000a7e00000|  0%| F|  |TAMS 0x00000000a7d00000, 0x00000000a7d00000| Untracked 
| 126|0x00000000a7e00000, 0x00000000a7e00000, 0x00000000a7f00000|  0%| F|  |TAMS 0x00000000a7e00000, 0x00000000a7e00000| Untracked 
| 127|0x00000000a7f00000, 0x00000000a7f00000, 0x00000000a8000000|  0%| F|  |TAMS 0x00000000a7f00000, 0x00000000a7f00000| Untracked 
| 128|0x00000000a8000000, 0x00000000a8000000, 0x00000000a8100000|  0%| F|  |TAMS 0x00000000a8000000, 0x00000000a8000000| Untracked 
| 129|0x00000000a8100000, 0x00000000a8100000, 0x00000000a8200000|  0%| F|  |TAMS 0x00000000a8100000, 0x00000000a8100000| Untracked 
| 130|0x00000000a8200000, 0x00000000a8200000, 0x00000000a8300000|  0%| F|  |TAMS 0x00000000a8200000, 0x00000000a8200000| Untracked 
| 131|0x00000000a8300000, 0x00000000a8300000, 0x00000000a8400000|  0%| F|  |TAMS 0x00000000a8300000, 0x00000000a8300000| Untracked 
| 132|0x00000000a8400000, 0x00000000a8400000, 0x00000000a8500000|  0%| F|  |TAMS 0x00000000a8400000, 0x00000000a8400000| Untracked 
| 133|0x00000000a8500000, 0x00000000a8500000, 0x00000000a8600000|  0%| F|  |TAMS 0x00000000a8500000, 0x00000000a8500000| Untracked 
| 134|0x00000000a8600000, 0x00000000a8600000, 0x00000000a8700000|  0%| F|  |TAMS 0x00000000a8600000, 0x00000000a8600000| Untracked 
| 135|0x00000000a8700000, 0x00000000a8700000, 0x00000000a8800000|  0%| F|  |TAMS 0x00000000a8700000, 0x00000000a8700000| Untracked 
| 136|0x00000000a8800000, 0x00000000a8800000, 0x00000000a8900000|  0%| F|  |TAMS 0x00000000a8800000, 0x00000000a8800000| Untracked 
| 137|0x00000000a8900000, 0x00000000a8900000, 0x00000000a8a00000|  0%| F|  |TAMS 0x00000000a8900000, 0x00000000a8900000| Untracked 
| 138|0x00000000a8a00000, 0x00000000a8a00000, 0x00000000a8b00000|  0%| F|  |TAMS 0x00000000a8a00000, 0x00000000a8a00000| Untracked 
| 139|0x00000000a8b00000, 0x00000000a8b00000, 0x00000000a8c00000|  0%| F|  |TAMS 0x00000000a8b00000, 0x00000000a8b00000| Untracked 
| 140|0x00000000a8c00000, 0x00000000a8c00000, 0x00000000a8d00000|  0%| F|  |TAMS 0x00000000a8c00000, 0x00000000a8c00000| Untracked 
| 141|0x00000000a8d00000, 0x00000000a8d00000, 0x00000000a8e00000|  0%| F|  |TAMS 0x00000000a8d00000, 0x00000000a8d00000| Untracked 
| 142|0x00000000a8e00000, 0x00000000a8e00000, 0x00000000a8f00000|  0%| F|  |TAMS 0x00000000a8e00000, 0x00000000a8e00000| Untracked 
| 143|0x00000000a8f00000, 0x00000000a8f00000, 0x00000000a9000000|  0%| F|  |TAMS 0x00000000a8f00000, 0x00000000a8f00000| Untracked 
| 144|0x00000000a9000000, 0x00000000a9000000, 0x00000000a9100000|  0%| F|  |TAMS 0x00000000a9000000, 0x00000000a9000000| Untracked 
| 145|0x00000000a9100000, 0x00000000a9100000, 0x00000000a9200000|  0%| F|  |TAMS 0x00000000a9100000, 0x00000000a9100000| Untracked 
| 146|0x00000000a9200000, 0x00000000a9200000, 0x00000000a9300000|  0%| F|  |TAMS 0x00000000a9200000, 0x00000000a9200000| Untracked 
| 147|0x00000000a9300000, 0x00000000a9300000, 0x00000000a9400000|  0%| F|  |TAMS 0x00000000a9300000, 0x00000000a9300000| Untracked 
| 148|0x00000000a9400000, 0x00000000a9400000, 0x00000000a9500000|  0%| F|  |TAMS 0x00000000a9400000, 0x00000000a9400000| Untracked 
| 149|0x00000000a9500000, 0x00000000a9500000, 0x00000000a9600000|  0%| F|  |TAMS 0x00000000a9500000, 0x00000000a9500000| Untracked 
| 150|0x00000000a9600000, 0x00000000a9600000, 0x00000000a9700000|  0%| F|  |TAMS 0x00000000a9600000, 0x00000000a9600000| Untracked 
| 151|0x00000000a9700000, 0x00000000a9700000, 0x00000000a9800000|  0%| F|  |TAMS 0x00000000a9700000, 0x00000000a9700000| Untracked 
| 152|0x00000000a9800000, 0x00000000a9800000, 0x00000000a9900000|  0%| F|  |TAMS 0x00000000a9800000, 0x00000000a9800000| Untracked 
| 153|0x00000000a9900000, 0x00000000a9900000, 0x00000000a9a00000|  0%| F|  |TAMS 0x00000000a9900000, 0x00000000a9900000| Untracked 
| 154|0x00000000a9a00000, 0x00000000a9a00000, 0x00000000a9b00000|  0%| F|  |TAMS 0x00000000a9a00000, 0x00000000a9a00000| Untracked 
| 155|0x00000000a9b00000, 0x00000000a9b00000, 0x00000000a9c00000|  0%| F|  |TAMS 0x00000000a9b00000, 0x00000000a9b00000| Untracked 
| 156|0x00000000a9c00000, 0x00000000a9c00000, 0x00000000a9d00000|  0%| F|  |TAMS 0x00000000a9c00000, 0x00000000a9c00000| Untracked 
| 157|0x00000000a9d00000, 0x00000000a9d00000, 0x00000000a9e00000|  0%| F|  |TAMS 0x00000000a9d00000, 0x00000000a9d00000| Untracked 
| 158|0x00000000a9e00000, 0x00000000a9e00000, 0x00000000a9f00000|  0%| F|  |TAMS 0x00000000a9e00000, 0x00000000a9e00000| Untracked 
| 159|0x00000000a9f00000, 0x00000000a9f00000, 0x00000000aa000000|  0%| F|  |TAMS 0x00000000a9f00000, 0x00000000a9f00000| Untracked 
| 160|0x00000000aa000000, 0x00000000aa000000, 0x00000000aa100000|  0%| F|  |TAMS 0x00000000aa000000, 0x00000000aa000000| Untracked 
| 161|0x00000000aa100000, 0x00000000aa100000, 0x00000000aa200000|  0%| F|  |TAMS 0x00000000aa100000, 0x00000000aa100000| Untracked 
| 162|0x00000000aa200000, 0x00000000aa200000, 0x00000000aa300000|  0%| F|  |TAMS 0x00000000aa200000, 0x00000000aa200000| Untracked 
| 163|0x00000000aa300000, 0x00000000aa300000, 0x00000000aa400000|  0%| F|  |TAMS 0x00000000aa300000, 0x00000000aa300000| Untracked 
| 164|0x00000000aa400000, 0x00000000aa400000, 0x00000000aa500000|  0%| F|  |TAMS 0x00000000aa400000, 0x00000000aa400000| Untracked 
| 165|0x00000000aa500000, 0x00000000aa500000, 0x00000000aa600000|  0%| F|  |TAMS 0x00000000aa500000, 0x00000000aa500000| Untracked 
| 166|0x00000000aa600000, 0x00000000aa600000, 0x00000000aa700000|  0%| F|  |TAMS 0x00000000aa600000, 0x00000000aa600000| Untracked 
| 167|0x00000000aa700000, 0x00000000aa700000, 0x00000000aa800000|  0%| F|  |TAMS 0x00000000aa700000, 0x00000000aa700000| Untracked 
| 168|0x00000000aa800000, 0x00000000aa800000, 0x00000000aa900000|  0%| F|  |TAMS 0x00000000aa800000, 0x00000000aa800000| Untracked 
| 169|0x00000000aa900000, 0x00000000aa900000, 0x00000000aaa00000|  0%| F|  |TAMS 0x00000000aa900000, 0x00000000aa900000| Untracked 
| 170|0x00000000aaa00000, 0x00000000aaa00000, 0x00000000aab00000|  0%| F|  |TAMS 0x00000000aaa00000, 0x00000000aaa00000| Untracked 
| 171|0x00000000aab00000, 0x00000000aab00000, 0x00000000aac00000|  0%| F|  |TAMS 0x00000000aab00000, 0x00000000aab00000| Untracked 
| 172|0x00000000aac00000, 0x00000000aac00000, 0x00000000aad00000|  0%| F|  |TAMS 0x00000000aac00000, 0x00000000aac00000| Untracked 
| 173|0x00000000aad00000, 0x00000000aad00000, 0x00000000aae00000|  0%| F|  |TAMS 0x00000000aad00000, 0x00000000aad00000| Untracked 
| 174|0x00000000aae00000, 0x00000000aae00000, 0x00000000aaf00000|  0%| F|  |TAMS 0x00000000aae00000, 0x00000000aae00000| Untracked 
| 175|0x00000000aaf00000, 0x00000000aaf00000, 0x00000000ab000000|  0%| F|  |TAMS 0x00000000aaf00000, 0x00000000aaf00000| Untracked 
| 176|0x00000000ab000000, 0x00000000ab000000, 0x00000000ab100000|  0%| F|  |TAMS 0x00000000ab000000, 0x00000000ab000000| Untracked 
| 177|0x00000000ab100000, 0x00000000ab100000, 0x00000000ab200000|  0%| F|  |TAMS 0x00000000ab100000, 0x00000000ab100000| Untracked 
| 178|0x00000000ab200000, 0x00000000ab200000, 0x00000000ab300000|  0%| F|  |TAMS 0x00000000ab200000, 0x00000000ab200000| Untracked 
| 179|0x00000000ab300000, 0x00000000ab300000, 0x00000000ab400000|  0%| F|  |TAMS 0x00000000ab300000, 0x00000000ab300000| Untracked 
| 180|0x00000000ab400000, 0x00000000ab400000, 0x00000000ab500000|  0%| F|  |TAMS 0x00000000ab400000, 0x00000000ab400000| Untracked 
| 181|0x00000000ab500000, 0x00000000ab500000, 0x00000000ab600000|  0%| F|  |TAMS 0x00000000ab500000, 0x00000000ab500000| Untracked 
| 182|0x00000000ab600000, 0x00000000ab600000, 0x00000000ab700000|  0%| F|  |TAMS 0x00000000ab600000, 0x00000000ab600000| Untracked 
| 183|0x00000000ab700000, 0x00000000ab700000, 0x00000000ab800000|  0%| F|  |TAMS 0x00000000ab700000, 0x00000000ab700000| Untracked 
| 184|0x00000000ab800000, 0x00000000ab800000, 0x00000000ab900000|  0%| F|  |TAMS 0x00000000ab800000, 0x00000000ab800000| Untracked 
| 185|0x00000000ab900000, 0x00000000ab900000, 0x00000000aba00000|  0%| F|  |TAMS 0x00000000ab900000, 0x00000000ab900000| Untracked 
| 186|0x00000000aba00000, 0x00000000aba00000, 0x00000000abb00000|  0%| F|  |TAMS 0x00000000aba00000, 0x00000000aba00000| Untracked 
| 187|0x00000000abb00000, 0x00000000abb00000, 0x00000000abc00000|  0%| F|  |TAMS 0x00000000abb00000, 0x00000000abb00000| Untracked 
| 188|0x00000000abc00000, 0x00000000abc00000, 0x00000000abd00000|  0%| F|  |TAMS 0x00000000abc00000, 0x00000000abc00000| Untracked 
| 189|0x00000000abd00000, 0x00000000abd00000, 0x00000000abe00000|  0%| F|  |TAMS 0x00000000abd00000, 0x00000000abd00000| Untracked 
| 190|0x00000000abe00000, 0x00000000abe00000, 0x00000000abf00000|  0%| F|  |TAMS 0x00000000abe00000, 0x00000000abe00000| Untracked 
| 191|0x00000000abf00000, 0x00000000abf00000, 0x00000000ac000000|  0%| F|  |TAMS 0x00000000abf00000, 0x00000000abf00000| Untracked 
| 192|0x00000000ac000000, 0x00000000ac000000, 0x00000000ac100000|  0%| F|  |TAMS 0x00000000ac000000, 0x00000000ac000000| Untracked 
| 193|0x00000000ac100000, 0x00000000ac100000, 0x00000000ac200000|  0%| F|  |TAMS 0x00000000ac100000, 0x00000000ac100000| Untracked 
| 194|0x00000000ac200000, 0x00000000ac200000, 0x00000000ac300000|  0%| F|  |TAMS 0x00000000ac200000, 0x00000000ac200000| Untracked 
| 195|0x00000000ac300000, 0x00000000ac300000, 0x00000000ac400000|  0%| F|  |TAMS 0x00000000ac300000, 0x00000000ac300000| Untracked 
| 196|0x00000000ac400000, 0x00000000ac400000, 0x00000000ac500000|  0%| F|  |TAMS 0x00000000ac400000, 0x00000000ac400000| Untracked 
| 197|0x00000000ac500000, 0x00000000ac500000, 0x00000000ac600000|  0%| F|  |TAMS 0x00000000ac500000, 0x00000000ac500000| Untracked 
| 198|0x00000000ac600000, 0x00000000ac600000, 0x00000000ac700000|  0%| F|  |TAMS 0x00000000ac600000, 0x00000000ac600000| Untracked 
| 199|0x00000000ac700000, 0x00000000ac700000, 0x00000000ac800000|  0%| F|  |TAMS 0x00000000ac700000, 0x00000000ac700000| Untracked 
| 200|0x00000000ac800000, 0x00000000ac800000, 0x00000000ac900000|  0%| F|  |TAMS 0x00000000ac800000, 0x00000000ac800000| Untracked 
| 201|0x00000000ac900000, 0x00000000ac900000, 0x00000000aca00000|  0%| F|  |TAMS 0x00000000ac900000, 0x00000000ac900000| Untracked 
| 202|0x00000000aca00000, 0x00000000aca00000, 0x00000000acb00000|  0%| F|  |TAMS 0x00000000aca00000, 0x00000000aca00000| Untracked 
| 203|0x00000000acb00000, 0x00000000acb00000, 0x00000000acc00000|  0%| F|  |TAMS 0x00000000acb00000, 0x00000000acb00000| Untracked 
| 204|0x00000000acc00000, 0x00000000acc00000, 0x00000000acd00000|  0%| F|  |TAMS 0x00000000acc00000, 0x00000000acc00000| Untracked 
| 205|0x00000000acd00000, 0x00000000acd00000, 0x00000000ace00000|  0%| F|  |TAMS 0x00000000acd00000, 0x00000000acd00000| Untracked 
| 206|0x00000000ace00000, 0x00000000ace00000, 0x00000000acf00000|  0%| F|  |TAMS 0x00000000ace00000, 0x00000000ace00000| Untracked 
| 207|0x00000000acf00000, 0x00000000acf00000, 0x00000000ad000000|  0%| F|  |TAMS 0x00000000acf00000, 0x00000000acf00000| Untracked 
| 208|0x00000000ad000000, 0x00000000ad000000, 0x00000000ad100000|  0%| F|  |TAMS 0x00000000ad000000, 0x00000000ad000000| Untracked 
| 209|0x00000000ad100000, 0x00000000ad100000, 0x00000000ad200000|  0%| F|  |TAMS 0x00000000ad100000, 0x00000000ad100000| Untracked 
| 210|0x00000000ad200000, 0x00000000ad200000, 0x00000000ad300000|  0%| F|  |TAMS 0x00000000ad200000, 0x00000000ad200000| Untracked 
| 211|0x00000000ad300000, 0x00000000ad300000, 0x00000000ad400000|  0%| F|  |TAMS 0x00000000ad300000, 0x00000000ad300000| Untracked 
| 212|0x00000000ad400000, 0x00000000ad400000, 0x00000000ad500000|  0%| F|  |TAMS 0x00000000ad400000, 0x00000000ad400000| Untracked 
| 213|0x00000000ad500000, 0x00000000ad500000, 0x00000000ad600000|  0%| F|  |TAMS 0x00000000ad500000, 0x00000000ad500000| Untracked 
| 214|0x00000000ad600000, 0x00000000ad600000, 0x00000000ad700000|  0%| F|  |TAMS 0x00000000ad600000, 0x00000000ad600000| Untracked 
| 215|0x00000000ad700000, 0x00000000ad700000, 0x00000000ad800000|  0%| F|  |TAMS 0x00000000ad700000, 0x00000000ad700000| Untracked 
| 216|0x00000000ad800000, 0x00000000ad800000, 0x00000000ad900000|  0%| F|  |TAMS 0x00000000ad800000, 0x00000000ad800000| Untracked 
| 217|0x00000000ad900000, 0x00000000ad900000, 0x00000000ada00000|  0%| F|  |TAMS 0x00000000ad900000, 0x00000000ad900000| Untracked 
| 218|0x00000000ada00000, 0x00000000ada00000, 0x00000000adb00000|  0%| F|  |TAMS 0x00000000ada00000, 0x00000000ada00000| Untracked 
| 219|0x00000000adb00000, 0x00000000adb00000, 0x00000000adc00000|  0%| F|  |TAMS 0x00000000adb00000, 0x00000000adb00000| Untracked 
| 220|0x00000000adc00000, 0x00000000adc00000, 0x00000000add00000|  0%| F|  |TAMS 0x00000000adc00000, 0x00000000adc00000| Untracked 
| 221|0x00000000add00000, 0x00000000addd6388, 0x00000000ade00000| 83%| S|CS|TAMS 0x00000000add00000, 0x00000000add00000| Complete 
| 222|0x00000000ade00000, 0x00000000ade00000, 0x00000000adf00000|  0%| F|  |TAMS 0x00000000ade00000, 0x00000000ade00000| Untracked 
| 223|0x00000000adf00000, 0x00000000ae000000, 0x00000000ae000000|100%| S|CS|TAMS 0x00000000adf00000, 0x00000000adf00000| Complete 
| 224|0x00000000ae000000, 0x00000000ae000000, 0x00000000ae100000|  0%| F|  |TAMS 0x00000000ae000000, 0x00000000ae000000| Untracked 
| 225|0x00000000ae100000, 0x00000000ae100000, 0x00000000ae200000|  0%| F|  |TAMS 0x00000000ae100000, 0x00000000ae100000| Untracked 
| 226|0x00000000ae200000, 0x00000000ae200000, 0x00000000ae300000|  0%| F|  |TAMS 0x00000000ae200000, 0x00000000ae200000| Untracked 
| 227|0x00000000ae300000, 0x00000000ae300000, 0x00000000ae400000|  0%| F|  |TAMS 0x00000000ae300000, 0x00000000ae300000| Untracked 
| 228|0x00000000ae400000, 0x00000000ae400000, 0x00000000ae500000|  0%| F|  |TAMS 0x00000000ae400000, 0x00000000ae400000| Untracked 
| 229|0x00000000ae500000, 0x00000000ae500000, 0x00000000ae600000|  0%| F|  |TAMS 0x00000000ae500000, 0x00000000ae500000| Untracked 
| 230|0x00000000ae600000, 0x00000000ae600000, 0x00000000ae700000|  0%| F|  |TAMS 0x00000000ae600000, 0x00000000ae600000| Untracked 
| 231|0x00000000ae700000, 0x00000000ae700000, 0x00000000ae800000|  0%| F|  |TAMS 0x00000000ae700000, 0x00000000ae700000| Untracked 
| 232|0x00000000ae800000, 0x00000000ae800000, 0x00000000ae900000|  0%| F|  |TAMS 0x00000000ae800000, 0x00000000ae800000| Untracked 

Card table byte_map: [0x000001d9564b0000,0x000001d9567b0000] _byte_map_base: 0x000001d955fb0000

Marking Bits (Prev, Next): (CMBitMap*) 0x000001d941a454b0, (CMBitMap*) 0x000001d941a45478
 Prev Bits: [0x000001d9582b0000, 0x000001d959ab0000)
 Next Bits: [0x000001d956ab0000, 0x000001d9582b0000)

Polling page: 0x000001d941af0000

Metaspace:

Usage:
  Non-class:     52.46 MB capacity,    51.58 MB ( 98%) used,   765.49 KB (  1%) free+waste,   132.25 KB ( <1%) overhead. 
      Class:      7.91 MB capacity,     7.42 MB ( 94%) used,   436.80 KB (  5%) free+waste,    61.94 KB ( <1%) overhead. 
       Both:     60.37 MB capacity,    59.00 MB ( 98%) used,     1.17 MB (  2%) free+waste,   194.19 KB ( <1%) overhead. 

Virtual space:
  Non-class space:       54.00 MB reserved,      52.50 MB ( 97%) committed 
      Class space:        1.00 GB reserved,       8.00 MB ( <1%) committed 
             Both:        1.05 GB reserved,      60.50 MB (  6%) committed 

Chunk freelists:
   Non-Class:  44.00 KB
       Class:  30.00 KB
        Both:  74.00 KB

MaxMetaspaceSize: 17179869184.00 GB
CompressedClassSpaceSize: 1.00 GB

CodeHeap 'non-profiled nmethods': size=120064Kb used=3267Kb max_used=3267Kb free=116796Kb
 bounds [0x000001d94e650000, 0x000001d94e990000, 0x000001d955b90000]
CodeHeap 'profiled nmethods': size=120000Kb used=12233Kb max_used=12233Kb free=107766Kb
 bounds [0x000001d947120000, 0x000001d947d20000, 0x000001d94e650000]
CodeHeap 'non-nmethods': size=5696Kb used=2247Kb max_used=2274Kb free=3448Kb
 bounds [0x000001d946b90000, 0x000001d946e00000, 0x000001d947120000]
 total_blobs=6521 nmethods=5689 adapters=743
 compilation: enabled
              stopped_count=0, restarted_count=0
 full_count=0

Compilation events (20 events):
Event: 345.457 Thread 0x000001d95c120800 5993       3       groovyjarjarasm.asm.Label::resolve (219 bytes)
Event: 345.457 Thread 0x000001d95c120800 nmethod 5993 0x000001d947d0e010 code [0x000001d947d0e200, 0x000001d947d0e738]
Event: 345.457 Thread 0x000001d95c120800 5995       3       groovyjarjarasm.asm.Frame::pop (44 bytes)
Event: 345.457 Thread 0x000001d95c120800 nmethod 5995 0x000001d947d0ea10 code [0x000001d947d0ebc0, 0x000001d947d0ed38]
Event: 345.457 Thread 0x000001d95c120800 5994       3       groovyjarjarasm.asm.Frame::getLocal (46 bytes)
Event: 345.458 Thread 0x000001d95c120800 nmethod 5994 0x000001d947d0ee10 code [0x000001d947d0efc0, 0x000001d947d0f1b8]
Event: 345.492 Thread 0x000001d95c120800 5996       1       org.codehaus.groovy.runtime.callsite.AbstractCallSite::getIndex (5 bytes)
Event: 345.492 Thread 0x000001d95c120800 nmethod 5996 0x000001d94e97ff90 code [0x000001d94e980140, 0x000001d94e9801f8]
Event: 345.492 Thread 0x000001d95c120800 5997       1       org.gradle.internal.metaobject.BeanDynamicObject::access$500 (5 bytes)
Event: 345.492 Thread 0x000001d95c120800 nmethod 5997 0x000001d94e980290 code [0x000001d94e980440, 0x000001d94e9804d8]
Event: 345.562 Thread 0x000001d95c120800 5998       3       org.codehaus.groovy.reflection.stdclasses.CachedSAMClass$1::run (5 bytes)
Event: 345.563 Thread 0x000001d95c120800 nmethod 5998 0x000001d947d0f290 code [0x000001d947d0f4a0, 0x000001d947d0f7f8]
Event: 345.563 Thread 0x000001d95c120800 5999       3       org.codehaus.groovy.reflection.stdclasses.CachedSAMClass$1::run (8 bytes)
Event: 345.563 Thread 0x000001d95c120800 nmethod 5999 0x000001d947d0f990 code [0x000001d947d0fb80, 0x000001d947d0fe78]
Event: 345.570 Thread 0x000001d95c120800 6000   !   3       java.lang.ClassValue::getFromHashMap (70 bytes)
Event: 345.573 Thread 0x000001d95c120800 nmethod 6000 0x000001d947d10010 code [0x000001d947d102a0, 0x000001d947d10ef8]
Event: 345.573 Thread 0x000001d95c120800 6001       3       org.codehaus.groovy.reflection.CachedClass::<init> (247 bytes)
Event: 345.573 Thread 0x000001d95c11d800 6002       4       java.util.ArrayList::toArray (57 bytes)
Event: 345.574 Thread 0x000001d95c120800 nmethod 6001 0x000001d947d11390 code [0x000001d947d11880, 0x000001d947d145f8]
Event: 345.578 Thread 0x000001d95c11d800 nmethod 6002 0x000001d94e980590 code [0x000001d94e980740, 0x000001d94e980cd8]

GC Heap History (20 events):
Event: 308.002 GC heap after
{Heap after GC invocations=38 (full 0):
 garbage-first heap   total 198656K, used 42149K [0x00000000a0000000, 0x0000000100000000)
  region size 1024K, 2 young (2048K), 2 survivors (2048K)
 Metaspace       used 51370K, capacity 52467K, committed 52736K, reserved 1095680K
  class space    used 6485K, capacity 6893K, committed 6912K, reserved 1048576K
}
Event: 309.317 GC heap before
{Heap before GC invocations=38 (full 0):
 garbage-first heap   total 198656K, used 49317K [0x00000000a0000000, 0x0000000100000000)
  region size 1024K, 9 young (9216K), 2 survivors (2048K)
 Metaspace       used 52019K, capacity 53179K, committed 53376K, reserved 1095680K
  class space    used 6597K, capacity 7004K, committed 7040K, reserved 1048576K
}
Event: 309.349 GC heap after
{Heap after GC invocations=39 (full 0):
 garbage-first heap   total 198656K, used 42313K [0x00000000a0000000, 0x0000000100000000)
  region size 1024K, 2 young (2048K), 2 survivors (2048K)
 Metaspace       used 52019K, capacity 53179K, committed 53376K, reserved 1095680K
  class space    used 6597K, capacity 7004K, committed 7040K, reserved 1048576K
}
Event: 311.144 GC heap before
{Heap before GC invocations=39 (full 0):
 garbage-first heap   total 198656K, used 51529K [0x00000000a0000000, 0x0000000100000000)
  region size 1024K, 11 young (11264K), 2 survivors (2048K)
 Metaspace       used 53336K, capacity 54548K, committed 54912K, reserved 1097728K
  class space    used 6755K, capacity 7182K, committed 7296K, reserved 1048576K
}
Event: 311.181 GC heap after
{Heap after GC invocations=40 (full 0):
 garbage-first heap   total 198656K, used 43129K [0x00000000a0000000, 0x0000000100000000)
  region size 1024K, 2 young (2048K), 2 survivors (2048K)
 Metaspace       used 53336K, capacity 54548K, committed 54912K, reserved 1097728K
  class space    used 6755K, capacity 7182K, committed 7296K, reserved 1048576K
}
Event: 311.724 GC heap before
{Heap before GC invocations=40 (full 0):
 garbage-first heap   total 198656K, used 55417K [0x00000000a0000000, 0x0000000100000000)
  region size 1024K, 15 young (15360K), 2 survivors (2048K)
 Metaspace       used 53992K, capacity 55183K, committed 55424K, reserved 1097728K
  class space    used 6842K, capacity 7282K, committed 7296K, reserved 1048576K
}
Event: 311.767 GC heap after
{Heap after GC invocations=41 (full 0):
 garbage-first heap   total 238592K, used 44274K [0x00000000a0000000, 0x0000000100000000)
  region size 1024K, 2 young (2048K), 2 survivors (2048K)
 Metaspace       used 53992K, capacity 55183K, committed 55424K, reserved 1097728K
  class space    used 6842K, capacity 7282K, committed 7296K, reserved 1048576K
}
Event: 315.961 GC heap before
{Heap before GC invocations=41 (full 0):
 garbage-first heap   total 238592K, used 61682K [0x00000000a0000000, 0x0000000100000000)
  region size 1024K, 19 young (19456K), 2 survivors (2048K)
 Metaspace       used 55577K, capacity 56783K, committed 56960K, reserved 1099776K
  class space    used 7046K, capacity 7491K, committed 7552K, reserved 1048576K
}
Event: 318.279 GC heap after
{Heap after GC invocations=42 (full 0):
 garbage-first heap   total 238592K, used 45510K [0x00000000a0000000, 0x0000000100000000)
  region size 1024K, 2 young (2048K), 2 survivors (2048K)
 Metaspace       used 55577K, capacity 56783K, committed 56960K, reserved 1099776K
  class space    used 7046K, capacity 7491K, committed 7552K, reserved 1048576K
}
Event: 320.039 GC heap before
{Heap before GC invocations=42 (full 0):
 garbage-first heap   total 238592K, used 55750K [0x00000000a0000000, 0x0000000100000000)
  region size 1024K, 11 young (11264K), 2 survivors (2048K)
 Metaspace       used 56464K, capacity 57709K, committed 57856K, reserved 1099776K
  class space    used 7136K, capacity 7562K, committed 7680K, reserved 1048576K
}
Event: 320.056 GC heap after
{Heap after GC invocations=43 (full 0):
 garbage-first heap   total 238592K, used 46770K [0x00000000a0000000, 0x0000000100000000)
  region size 1024K, 2 young (2048K), 2 survivors (2048K)
 Metaspace       used 56464K, capacity 57709K, committed 57856K, reserved 1099776K
  class space    used 7136K, capacity 7562K, committed 7680K, reserved 1048576K
}
Event: 321.477 GC heap before
{Heap before GC invocations=43 (full 0):
 garbage-first heap   total 238592K, used 54962K [0x00000000a0000000, 0x0000000100000000)
  region size 1024K, 11 young (11264K), 2 survivors (2048K)
 Metaspace       used 58742K, capacity 60019K, committed 60160K, reserved 1101824K
  class space    used 7389K, capacity 7843K, committed 7936K, reserved 1048576K
}
Event: 321.589 GC heap after
{Heap after GC invocations=44 (full 0):
 garbage-first heap   total 238592K, used 47167K [0x00000000a0000000, 0x0000000100000000)
  region size 1024K, 1 young (1024K), 1 survivors (1024K)
 Metaspace       used 58742K, capacity 60019K, committed 60160K, reserved 1101824K
  class space    used 7389K, capacity 7843K, committed 7936K, reserved 1048576K
}
Event: 334.806 GC heap before
{Heap before GC invocations=44 (full 0):
 garbage-first heap   total 238592K, used 57407K [0x00000000a0000000, 0x0000000100000000)
  region size 1024K, 11 young (11264K), 1 survivors (1024K)
 Metaspace       used 59712K, capacity 61038K, committed 61312K, reserved 1101824K
  class space    used 7509K, capacity 8012K, committed 8064K, reserved 1048576K
}
Event: 335.425 GC heap after
{Heap after GC invocations=45 (full 0):
 garbage-first heap   total 238592K, used 47373K [0x00000000a0000000, 0x0000000100000000)
  region size 1024K, 2 young (2048K), 2 survivors (2048K)
 Metaspace       used 59712K, capacity 61038K, committed 61312K, reserved 1101824K
  class space    used 7509K, capacity 8012K, committed 8064K, reserved 1048576K
}
Event: 340.592 GC heap before
{Heap before GC invocations=45 (full 0):
 garbage-first heap   total 238592K, used 56589K [0x00000000a0000000, 0x0000000100000000)
  region size 1024K, 11 young (11264K), 2 survivors (2048K)
 Metaspace       used 59914K, capacity 61269K, committed 61312K, reserved 1101824K
  class space    used 7524K, capacity 8022K, committed 8064K, reserved 1048576K
}
Event: 340.675 GC heap after
{Heap after GC invocations=46 (full 0):
 garbage-first heap   total 238592K, used 47860K [0x00000000a0000000, 0x0000000100000000)
  region size 1024K, 2 young (2048K), 2 survivors (2048K)
 Metaspace       used 59914K, capacity 61269K, committed 61312K, reserved 1101824K
  class space    used 7524K, capacity 8022K, committed 8064K, reserved 1048576K
}
Event: 342.901 GC heap before
{Heap before GC invocations=46 (full 0):
 garbage-first heap   total 238592K, used 57076K [0x00000000a0000000, 0x0000000100000000)
  region size 1024K, 11 young (11264K), 2 survivors (2048K)
 Metaspace       used 60129K, capacity 61420K, committed 61568K, reserved 1103872K
  class space    used 7557K, capacity 8028K, committed 8064K, reserved 1048576K
}
Event: 343.005 GC heap after
{Heap after GC invocations=47 (full 0):
 garbage-first heap   total 238592K, used 48767K [0x00000000a0000000, 0x0000000100000000)
  region size 1024K, 2 young (2048K), 2 survivors (2048K)
 Metaspace       used 60129K, capacity 61420K, committed 61568K, reserved 1103872K
  class space    used 7557K, capacity 8028K, committed 8064K, reserved 1048576K
}
Event: 345.645 GC heap before
{Heap before GC invocations=47 (full 0):
 garbage-first heap   total 238592K, used 57983K [0x00000000a0000000, 0x0000000100000000)
  region size 1024K, 11 young (11264K), 2 survivors (2048K)
 Metaspace       used 60417K, capacity 61814K, committed 61952K, reserved 1103872K
  class space    used 7599K, capacity 8098K, committed 8192K, reserved 1048576K
}

Deoptimization events (20 events):
Event: 339.957 Thread 0x000001d95dcce000 DEOPT PACKING pc=0x000001d94e8853f0 sp=0x000000bab2af45a0
Event: 339.957 Thread 0x000001d95dcce000 DEOPT UNPACKING pc=0x000001d946bb74af sp=0x000000bab2af4528 mode 2
Event: 340.146 Thread 0x000001d95dcce000 DEOPT PACKING pc=0x000001d94792e7ab sp=0x000000bab2af48b0
Event: 340.146 Thread 0x000001d95dcce000 DEOPT UNPACKING pc=0x000001d946bb72ce sp=0x000000bab2af3d58 mode 0
Event: 340.273 Thread 0x000001d96117f000 DEOPT PACKING pc=0x000001d94794be6e sp=0x000000bab8cfecc0
Event: 340.273 Thread 0x000001d96117f000 DEOPT UNPACKING pc=0x000001d946bb72ce sp=0x000000bab8cfe278 mode 0
Event: 340.273 Thread 0x000001d96117f000 Uncommon trap: trap_request=0xffffff4d fr.pc=0x000001d94e87a800 relative=0x0000000000000060
Event: 340.273 Thread 0x000001d96117f000 Uncommon trap: reason=unstable_if action=reinterpret pc=0x000001d94e87a800 method=java.util.concurrent.SynchronousQueue$TransferStack.shouldSpin(Ljava/util/concurrent/SynchronousQueue$TransferStack$SNode;)Z @ 7 c2
Event: 340.273 Thread 0x000001d96117f000 DEOPT PACKING pc=0x000001d94e87a800 sp=0x000000bab8cfed70
Event: 340.273 Thread 0x000001d96117f000 DEOPT UNPACKING pc=0x000001d946bb74af sp=0x000000bab8cfed00 mode 2
Event: 340.366 Thread 0x000001d95dcce000 DEOPT PACKING pc=0x000001d9477cc8f1 sp=0x000000bab2af4660
Event: 340.369 Thread 0x000001d95dcce000 DEOPT UNPACKING pc=0x000001d946bb72ce sp=0x000000bab2af3b58 mode 0
Event: 343.493 Thread 0x000001d95dcce000 Uncommon trap: trap_request=0xffffffdc fr.pc=0x000001d94e977760 relative=0x00000000000002a0
Event: 343.493 Thread 0x000001d95dcce000 Uncommon trap: reason=class_check action=make_not_entrant pc=0x000001d94e977760 method=java.util.ArrayList.toArray([Ljava/lang/Object;)[Ljava/lang/Object; @ 21 c2
Event: 343.493 Thread 0x000001d95dcce000 DEOPT PACKING pc=0x000001d94e977760 sp=0x000000bab2af33c0
Event: 343.493 Thread 0x000001d95dcce000 DEOPT UNPACKING pc=0x000001d946bb74af sp=0x000000bab2af3380 mode 2
Event: 343.493 Thread 0x000001d95dcce000 Uncommon trap: trap_request=0xffffff4d fr.pc=0x000001d94e961b4c relative=0x000000000000044c
Event: 343.493 Thread 0x000001d95dcce000 Uncommon trap: reason=unstable_if action=reinterpret pc=0x000001d94e961b4c method=org.codehaus.groovy.runtime.metaclass.MetaMethodIndex.copyNonPrivateNonNewMetaMethods(Lorg/codehaus/groovy/runtime/metaclass/MetaMethodIndex$Entry;Lorg/codehaus/groovy/runti
Event: 343.493 Thread 0x000001d95dcce000 DEOPT PACKING pc=0x000001d94e961b4c sp=0x000000bab2af3480
Event: 343.493 Thread 0x000001d95dcce000 DEOPT UNPACKING pc=0x000001d946bb74af sp=0x000000bab2af3438 mode 2

Classes redefined (0 events):
No events

Internal exceptions (20 events):
Event: 343.495 Thread 0x000001d95dcce000 Exception <a 'java/lang/ClassNotFoundException'{0x00000000ae7c9a00}: FlutterPluginBeanInfo> (0x00000000ae7c9a00) thrown at [./src/hotspot/share/classfile/systemDictionary.cpp, line 231]
Event: 343.500 Thread 0x000001d95dcce000 Exception <a 'java/lang/ClassNotFoundException'{0x00000000ae7e0510}: FlutterPluginCustomizer> (0x00000000ae7e0510) thrown at [./src/hotspot/share/classfile/systemDictionary.cpp, line 231]
Event: 343.617 Thread 0x000001d95dcce000 Exception <a 'java/lang/ClassNotFoundException'{0x00000000ae613368}: java/lang/SystemBeanInfo> (0x00000000ae613368) thrown at [./src/hotspot/share/classfile/systemDictionary.cpp, line 231]
Event: 343.620 Thread 0x000001d95dcce000 Exception <a 'java/lang/ClassNotFoundException'{0x00000000ae621ac0}: java/lang/SystemCustomizer> (0x00000000ae621ac0) thrown at [./src/hotspot/share/classfile/systemDictionary.cpp, line 231]
Event: 343.701 Thread 0x000001d95dcce000 Exception <a 'java/lang/ClassNotFoundException'{0x00000000ae6824e0}: java/util/Collections$UnmodifiableMapBeanInfo> (0x00000000ae6824e0) thrown at [./src/hotspot/share/classfile/systemDictionary.cpp, line 231]
Event: 343.701 Thread 0x000001d95dcce000 Exception <a 'java/lang/ClassNotFoundException'{0x00000000ae691cd0}: java/util/Collections$UnmodifiableMapCustomizer> (0x00000000ae691cd0) thrown at [./src/hotspot/share/classfile/systemDictionary.cpp, line 231]
Event: 344.679 Thread 0x000001d95dcce000 Exception <a 'java/lang/ClassNotFoundException'{0x00000000ae55cde0}: org/gradle/api/plugins/internal/DefaultBasePluginConventionBeanInfo> (0x00000000ae55cde0) thrown at [./src/hotspot/share/classfile/systemDictionary.cpp, line 231]
Event: 344.713 Thread 0x000001d95dcce000 Exception <a 'java/lang/ClassNotFoundException'{0x00000000ae598f28}: org/gradle/api/plugins/BasePluginConventionBeanInfo> (0x00000000ae598f28) thrown at [./src/hotspot/share/classfile/systemDictionary.cpp, line 231]
Event: 344.729 Thread 0x000001d95dcce000 Exception <a 'java/lang/ClassNotFoundException'{0x00000000ae5d4de0}: org/gradle/api/plugins/BasePluginConventionCustomizer> (0x00000000ae5d4de0) thrown at [./src/hotspot/share/classfile/systemDictionary.cpp, line 231]
Event: 345.159 Thread 0x000001d95dcce000 Exception <a 'java/lang/ClassNotFoundException'{0x00000000ae427750}: org/gradle/api/plugins/internal/DefaultBasePluginConventionCustomizer> (0x00000000ae427750) thrown at [./src/hotspot/share/classfile/systemDictionary.cpp, line 231]
Event: 345.375 Thread 0x000001d95dcce000 Exception <a 'java/lang/ClassNotFoundException'{0x00000000ae4ab060}: org/gradle/api/plugins/internal/DefaultJavaPluginConventionBeanInfo> (0x00000000ae4ab060) thrown at [./src/hotspot/share/classfile/systemDictionary.cpp, line 231]
Event: 345.376 Thread 0x000001d95dcce000 Exception <a 'java/lang/ClassNotFoundException'{0x00000000ae4e71d8}: org/gradle/api/plugins/JavaPluginConventionBeanInfo> (0x00000000ae4e71d8) thrown at [./src/hotspot/share/classfile/systemDictionary.cpp, line 231]
Event: 345.377 Thread 0x000001d95dcce000 Exception <a 'java/lang/ClassNotFoundException'{0x00000000ae323410}: org/gradle/api/plugins/JavaPluginConventionCustomizer> (0x00000000ae323410) thrown at [./src/hotspot/share/classfile/systemDictionary.cpp, line 231]
Event: 345.382 Thread 0x000001d95dcce000 Exception <a 'java/lang/ClassNotFoundException'{0x00000000ae377fe0}: org/gradle/api/plugins/internal/DefaultJavaPluginConventionCustomizer> (0x00000000ae377fe0) thrown at [./src/hotspot/share/classfile/systemDictionary.cpp, line 231]
Event: 345.589 Thread 0x000001d95dcce000 Exception <a 'java/lang/ClassNotFoundException'{0x00000000ae101ff8}: org/gradle/api/internal/artifacts/repositories/DefaultMavenArtifactRepository_DecoratedBeanInfo> (0x00000000ae101ff8) thrown at [./src/hotspot/share/classfile/systemDictionary.cpp, line 231]
Event: 345.593 Thread 0x000001d95dcce000 Exception <a 'java/lang/ClassNotFoundException'{0x00000000ae151990}: org/gradle/api/internal/artifacts/repositories/DefaultMavenArtifactRepositoryBeanInfo> (0x00000000ae151990) thrown at [./src/hotspot/share/classfile/systemDictionary.cpp, line 231]
Event: 345.595 Thread 0x000001d95dcce000 Exception <a 'java/lang/ClassNotFoundException'{0x00000000ae1a5168}: org/gradle/api/internal/artifacts/repositories/AbstractAuthenticationSupportedRepositoryBeanInfo> (0x00000000ae1a5168) thrown at [./src/hotspot/share/classfile/systemDictionary.cpp, line 231]
Event: 345.601 Thread 0x000001d95dcce000 Exception <a 'java/lang/ClassNotFoundException'{0x00000000ae1f89e0}: org/gradle/api/internal/artifacts/repositories/AbstractResolutionAwareArtifactRepositoryBeanInfo> (0x00000000ae1f89e0) thrown at [./src/hotspot/share/classfile/systemDictionary.cpp, line 231]
Event: 345.604 Thread 0x000001d95dcce000 Exception <a 'java/lang/ClassNotFoundException'{0x00000000ae047160}: org/gradle/api/internal/artifacts/repositories/AbstractArtifactRepositoryBeanInfo> (0x00000000ae047160) thrown at [./src/hotspot/share/classfile/systemDictionary.cpp, line 231]
Event: 345.605 Thread 0x000001d95dcce000 Exception <a 'java/lang/ClassNotFoundException'{0x00000000ae097cd8}: org/gradle/api/internal/artifacts/repositories/AbstractArtifactRepositoryCustomizer> (0x00000000ae097cd8) thrown at [./src/hotspot/share/classfile/systemDictionary.cpp, line 231]

Events (20 events):
Event: 345.604 loading class org/gradle/api/internal/artifacts/repositories/AbstractArtifactRepositoryBeanInfo done
Event: 345.604 loading class org/gradle/api/internal/artifacts/repositories/AbstractArtifactRepositoryCustomizer
Event: 345.604 loading class org/gradle/api/internal/artifacts/repositories/AbstractArtifactRepositoryCustomizer done
Event: 345.605 loading class org/gradle/api/internal/artifacts/repositories/AbstractArtifactRepositoryCustomizer
Event: 345.605 loading class org/gradle/api/internal/artifacts/repositories/AbstractArtifactRepositoryCustomizer done
Event: 345.605 loading class org/gradle/api/internal/artifacts/repositories/AbstractArtifactRepositoryCustomizer
Event: 345.605 loading class org/gradle/api/internal/artifacts/repositories/AbstractArtifactRepositoryCustomizer done
Event: 345.605 loading class org/gradle/api/internal/artifacts/repositories/AbstractArtifactRepositoryCustomizer
Event: 345.605 loading class org/gradle/api/internal/artifacts/repositories/AbstractArtifactRepositoryCustomizer done
Event: 345.606 loading class org/gradle/api/artifacts/ComponentMetadataVersionLister
Event: 345.606 loading class org/gradle/api/artifacts/ComponentMetadataVersionLister done
Event: 345.639 loading class org/gradle/api/artifacts/ComponentMetadataSupplier
Event: 345.639 loading class org/gradle/api/artifacts/ComponentMetadataSupplier done
Event: 345.642 loading class org/gradle/api/internal/artifacts/repositories/AbstractResolutionAwareArtifactRepositoryCustomizer
Event: 345.642 loading class org/gradle/api/internal/artifacts/repositories/AbstractResolutionAwareArtifactRepositoryCustomizer done
Event: 345.643 loading class org/gradle/api/internal/artifacts/repositories/AbstractResolutionAwareArtifactRepositoryCustomizer
Event: 345.643 loading class org/gradle/api/internal/artifacts/repositories/AbstractResolutionAwareArtifactRepositoryCustomizer done
Event: 345.643 loading class org/gradle/api/internal/artifacts/repositories/AbstractResolutionAwareArtifactRepositoryCustomizer
Event: 345.643 loading class org/gradle/api/internal/artifacts/repositories/AbstractResolutionAwareArtifactRepositoryCustomizer done
Event: 345.643 Executing VM operation: G1CollectForAllocation


Dynamic libraries:
0x00007ff6c2fc0000 - 0x00007ff6c2fca000 	C:\Program Files\Android\Android Studio\jre\bin\java.exe
0x00007ff909590000 - 0x00007ff909785000 	C:\Windows\SYSTEM32\ntdll.dll
0x00007ff9092c0000 - 0x00007ff90937e000 	C:\Windows\System32\KERNEL32.DLL
0x00007ff907010000 - 0x00007ff9072d9000 	C:\Windows\System32\KERNELBASE.dll
0x00007ff906d40000 - 0x00007ff906e40000 	C:\Windows\System32\ucrtbase.dll
0x00007ff8eb110000 - 0x00007ff8eb129000 	C:\Program Files\Android\Android Studio\jre\bin\jli.dll
0x00007ff8eb730000 - 0x00007ff8eb747000 	C:\Program Files\Android\Android Studio\jre\bin\VCRUNTIME140.dll
0x00007ff9078b0000 - 0x00007ff907a51000 	C:\Windows\System32\USER32.dll
0x00007ff906ef0000 - 0x00007ff906f12000 	C:\Windows\System32\win32u.dll
0x00007ff908430000 - 0x00007ff90845b000 	C:\Windows\System32\GDI32.dll
0x00007ff9074d0000 - 0x00007ff9075db000 	C:\Windows\System32\gdi32full.dll
0x00007ff906f70000 - 0x00007ff90700d000 	C:\Windows\System32\msvcp_win.dll
0x00007ff8f05f0000 - 0x00007ff8f088a000 	C:\Windows\WinSxS\amd64_microsoft.windows.common-controls_6595b64144ccf1df_6.0.19041.1110_none_60b5254171f9507e\COMCTL32.dll
0x00007ff908ae0000 - 0x00007ff908b7e000 	C:\Windows\System32\msvcrt.dll
0x00007ff907b10000 - 0x00007ff907b40000 	C:\Windows\System32\IMM32.DLL
0x00007ff8e88d0000 - 0x00007ff8e896d000 	C:\Program Files\Android\Android Studio\jre\bin\msvcp140.dll
0x00007ff8bce60000 - 0x00007ff8bd91c000 	C:\Program Files\Android\Android Studio\jre\bin\server\jvm.dll
0x00007ff907b40000 - 0x00007ff907bec000 	C:\Windows\System32\ADVAPI32.dll
0x00007ff907810000 - 0x00007ff9078ab000 	C:\Windows\System32\sechost.dll
0x00007ff908460000 - 0x00007ff90858a000 	C:\Windows\System32\RPCRT4.dll
0x00007ff908420000 - 0x00007ff908428000 	C:\Windows\System32\PSAPI.DLL
0x00007ff9010f0000 - 0x00007ff9010f9000 	C:\Windows\SYSTEM32\WSOCK32.dll
0x00007ff8ed6b0000 - 0x00007ff8ed6d7000 	C:\Windows\SYSTEM32\WINMM.dll
0x00007ff9002b0000 - 0x00007ff9002ba000 	C:\Windows\SYSTEM32\VERSION.dll
0x00007ff9085f0000 - 0x00007ff90865b000 	C:\Windows\System32\WS2_32.dll
0x00007ff904bb0000 - 0x00007ff904bc2000 	C:\Windows\SYSTEM32\kernel.appcore.dll
0x00007ff8cb530000 - 0x00007ff8cb541000 	C:\Program Files\Android\Android Studio\jre\bin\verify.dll
0x00007ff8ee830000 - 0x00007ff8eea14000 	C:\Windows\SYSTEM32\DBGHELP.DLL
0x00007ff8ee780000 - 0x00007ff8ee7ac000 	C:\Windows\SYSTEM32\dbgcore.DLL
0x00007ff907440000 - 0x00007ff9074c3000 	C:\Windows\System32\bcryptPrimitives.dll
0x00007ff8c9360000 - 0x00007ff8c9389000 	C:\Program Files\Android\Android Studio\jre\bin\java.dll
0x00007ff8fbd70000 - 0x00007ff8fbd7b000 	C:\Program Files\Android\Android Studio\jre\bin\jimage.dll
0x00007ff8befc0000 - 0x00007ff8befd8000 	C:\Program Files\Android\Android Studio\jre\bin\zip.dll
0x00007ff908b80000 - 0x00007ff9092bf000 	C:\Windows\System32\SHELL32.dll
0x00007ff904db0000 - 0x00007ff905540000 	C:\Windows\SYSTEM32\windows.storage.dll
0x00007ff907bf0000 - 0x00007ff907f45000 	C:\Windows\System32\combase.dll
0x00007ff906630000 - 0x00007ff90665c000 	C:\Windows\SYSTEM32\Wldp.dll
0x00007ff907a60000 - 0x00007ff907b0d000 	C:\Windows\System32\SHCORE.dll
0x00007ff9094f0000 - 0x00007ff909545000 	C:\Windows\System32\shlwapi.dll
0x00007ff906bf0000 - 0x00007ff906c0f000 	C:\Windows\SYSTEM32\profapi.dll
0x00007ff8be6e0000 - 0x00007ff8be6fa000 	C:\Program Files\Android\Android Studio\jre\bin\net.dll
0x00007ff8faf70000 - 0x00007ff8fb078000 	C:\Windows\SYSTEM32\WINHTTP.dll
0x00007ff906390000 - 0x00007ff9063fa000 	C:\Windows\system32\mswsock.dll
0x00007ff8be6c0000 - 0x00007ff8be6d4000 	C:\Program Files\Android\Android Studio\jre\bin\nio.dll
0x00007ff8e98f0000 - 0x00007ff8e9916000 	C:\Users\Administrator\.gradle\native\fdc75f09e3144964f2cf3f50f0aa648679c211496f362492102eb8c894070792\windows-amd64\native-platform.dll
0x00007ff8d7770000 - 0x00007ff8d7901000 	C:\Users\Administrator\.gradle\native\12488b8bf47d2d4c9fbf2f6322a914ad602e24e48041cd04a747c6da556b65c4\windows-amd64\native-platform-file-events.dll
0x00007ff8e80a0000 - 0x00007ff8e80aa000 	C:\Program Files\Android\Android Studio\jre\bin\management.dll
0x00007ff8e6d60000 - 0x00007ff8e6d6c000 	C:\Program Files\Android\Android Studio\jre\bin\management_ext.dll
0x00007ff906580000 - 0x00007ff906598000 	C:\Windows\SYSTEM32\CRYPTSP.dll
0x00007ff905d10000 - 0x00007ff905d44000 	C:\Windows\system32\rsaenh.dll
0x00007ff906d10000 - 0x00007ff906d37000 	C:\Windows\System32\bcrypt.dll
0x00007ff906b70000 - 0x00007ff906b9e000 	C:\Windows\SYSTEM32\USERENV.dll
0x00007ff9065a0000 - 0x00007ff9065ac000 	C:\Windows\SYSTEM32\CRYPTBASE.dll
0x00007ff906080000 - 0x00007ff9060bb000 	C:\Windows\SYSTEM32\IPHLPAPI.DLL
0x00007ff909380000 - 0x00007ff909388000 	C:\Windows\System32\NSI.dll
0x00007ff8ffbd0000 - 0x00007ff8ffbe7000 	C:\Windows\SYSTEM32\dhcpcsvc6.DLL
0x00007ff9002c0000 - 0x00007ff9002dd000 	C:\Windows\SYSTEM32\dhcpcsvc.DLL
0x00007ff9060c0000 - 0x00007ff90618c000 	C:\Windows\SYSTEM32\DNSAPI.dll
0x00007ff9002e0000 - 0x00007ff9002eb000 	C:\Windows\SYSTEM32\WINNSI.DLL

dbghelp: loaded successfully - version: 4.0.5 - missing functions: none
symbol engine: initialized successfully - sym options: 0x614 - pdb path: .;C:\Program Files\Android\Android Studio\jre\bin;C:\Windows\SYSTEM32;C:\Windows\WinSxS\amd64_microsoft.windows.common-controls_6595b64144ccf1df_6.0.19041.1110_none_60b5254171f9507e;C:\Program Files\Android\Android Studio\jre\bin\server;C:\Users\Administrator\.gradle\native\fdc75f09e3144964f2cf3f50f0aa648679c211496f362492102eb8c894070792\windows-amd64;C:\Users\Administrator\.gradle\native\12488b8bf47d2d4c9fbf2f6322a914ad602e24e48041cd04a747c6da556b65c4\windows-amd64

VM Arguments:
jvm_args: --add-opens=java.base/java.util=ALL-UNNAMED --add-opens=java.base/java.lang=ALL-UNNAMED --add-opens=java.base/java.lang.invoke=ALL-UNNAMED --add-opens=java.prefs/java.util.prefs=ALL-UNNAMED -Xmx1536M -Dfile.encoding=x-windows-874 -Duser.country=US -Duser.language=en -Duser.variant 
java_command: org.gradle.launcher.daemon.bootstrap.GradleDaemon 6.7
java_class_path (initial): C:\Users\Administrator\.gradle\wrapper\dists\gradle-6.7-all\cuy9mc7upwgwgeb72wkcrupxe\gradle-6.7\lib\gradle-launcher-6.7.jar
Launcher Type: SUN_STANDARD

[Global flags]
     intx CICompilerCount                          = 3                                         {product} {ergonomic}
     uint ConcGCThreads                            = 1                                         {product} {ergonomic}
     uint G1ConcRefinementThreads                  = 4                                         {product} {ergonomic}
   size_t G1HeapRegionSize                         = 1048576                                   {product} {ergonomic}
    uintx GCDrainStackTargetSize                   = 64                                        {product} {ergonomic}
   size_t InitialHeapSize                          = 67108864                                  {product} {ergonomic}
   size_t MarkStackSize                            = 4194304                                   {product} {ergonomic}
   size_t MaxHeapSize                              = 1610612736                                {product} {command line}
   size_t MaxNewSize                               = 965738496                                 {product} {ergonomic}
   size_t MinHeapDeltaBytes                        = 1048576                                   {product} {ergonomic}
    uintx NonNMethodCodeHeapSize                   = 5830732                                {pd product} {ergonomic}
    uintx NonProfiledCodeHeapSize                  = 122913754                              {pd product} {ergonomic}
    uintx ProfiledCodeHeapSize                     = 122913754                              {pd product} {ergonomic}
    uintx ReservedCodeCacheSize                    = 251658240                              {pd product} {ergonomic}
     bool SegmentedCodeCache                       = true                                      {product} {ergonomic}
     bool UseCompressedClassPointers               = true                                 {lp64_product} {ergonomic}
     bool UseCompressedOops                        = true                                 {lp64_product} {ergonomic}
     bool UseG1GC                                  = true                                      {product} {ergonomic}
     bool UseLargePagesIndividualAllocation        = false                                  {pd product} {ergonomic}

Logging:
Log output configuration:
 #0: stdout all=warning uptime,level,tags
 #1: stderr all=off uptime,level,tags

Environment Variables:
JAVA_HOME=C:\Program Files\Android\Android Studio\jre
CLASSPATH=D:\project_final\android\\gradle\wrapper\gradle-wrapper.jar
PATH=C:\ProgramData\Oracle\Java\javapath;C:\Windows\system32;C:\Windows;C:\Windows\System32\Wbem;C:\Windows\System32\WindowsPowerShell\v1.0\;C:\Windows\System32\OpenSSH\;C:\Program Files (x86)\NVIDIA Corporation\PhysX\Common;C:\Program Files\NVIDIA Corporation\NVIDIA NvDLISR;C:\Program Files\nodejs\;C:\Users\Administrator\AppData\Local\Microsoft\WindowsApps;C:\Users\Administrator\AppData\Local\Programs\Microsoft VS Code\bin;C:\Users\Administrator\AppData\Roaming\npm;D:\flutter\bin;;D:\flutter\bin\mingit\cmd
USERNAME=Administrator
OS=Windows_NT
PROCESSOR_IDENTIFIER=Intel64 Family 6 Model 142 Stepping 10, GenuineIntel



---------------  S Y S T E M  ---------------

OS: Windows 10 , 64 bit Build 19041 (10.0.19041.1202)
OS uptime: 1 days 4:45 hours

CPU:total 4 (initial active 4) (2 cores per cpu, 2 threads per core) family 6 model 142 stepping 10, cmov, cx8, fxsr, mmx, sse, sse2, sse3, ssse3, sse4.1, sse4.2, popcnt, avx, avx2, aes, clmul, erms, 3dnowpref, lzcnt, ht, tsc, tscinvbit, bmi1, bmi2, adx, fma

Memory: 4k page, system-wide physical 3971M (63M free)
TotalPageFile size 16259M (AvailPageFile size 137M)
current process WorkingSet (physical memory assigned to process): 116M, peak: 147M
current process commit charge ("private bytes"): 440M, peak: 724M

vm_info: OpenJDK 64-Bit Server VM (11.0.8+10-b944.6842174) for windows-amd64 JRE (11.0.8+10-b944.6842174), built on Sep 19 2020 01:11:42 by "builder" with MS VC++ 14.0 (VS2015)

END.
